#
# There is insufficient memory for the Java Runtime Environment to continue.
# Native memory allocation (mmap) failed to map 358088704 bytes for committing reserved memory.
# Possible reasons:
#   The system is out of physical RAM or swap space
#   In 32 bit mode, the process size limit was hit
# Possible solutions:
#   Reduce memory load on the system
#   Increase physical memory or swap space
#   Check if swap backing store is full
#   Use 64 bit Java on a 64 bit OS
#   Decrease Java heap size (-Xmx/-Xms)
#   Decrease number of Java threads
#   Decrease Java thread stack sizes (-Xss)
#   Set larger code cache with -XX:ReservedCodeCacheSize=
# This output file may be truncated or incomplete.
#
#  Out of Memory Error (os_linux.cpp:2640), pid=20486, tid=0x00007f4fd90c7700
#
# JRE version: Java(TM) SE Runtime Environment (8.0_161-b12) (build 1.8.0_161-b12)
# Java VM: Java HotSpot(TM) 64-Bit Server VM (25.161-b12 mixed mode linux-amd64 compressed oops)
# Failed to write core dump. Core dumps have been disabled. To enable core dumping, try "ulimit -c unlimited" before starting Java again
#

---------------  T H R E A D  ---------------

Current thread (0x00007f4ff007e800):  VMThread [stack: 0x00007f4fd8fc7000,0x00007f4fd90c8000] [id=20503]

Stack: [0x00007f4fd8fc7000,0x00007f4fd90c8000],  sp=0x00007f4fd90c6020,  free space=1020k
Native frames: (J=compiled Java code, j=interpreted, Vv=VM code, C=native code)
V  [libjvm.so+0xacf94a]  VMError::report_and_die()+0x2ba
V  [libjvm.so+0x50050b]  report_vm_out_of_memory(char const*, int, unsigned long, VMErrorType, char const*)+0x8b
V  [libjvm.so+0x92b133]  os::Linux::commit_memory_impl(char*, unsigned long, bool)+0x103
V  [libjvm.so+0x92b5c9]  os::pd_commit_memory(char*, unsigned long, unsigned long, bool)+0x29
V  [libjvm.so+0x924c0a]  os::commit_memory(char*, unsigned long, unsigned long, bool)+0x2a
V  [libjvm.so+0x99ab53]  PSVirtualSpace::expand_by(unsigned long)+0x53
V  [libjvm.so+0x99bf58]  PSYoungGen::resize_generation(unsigned long, unsigned long)+0xf8
V  [libjvm.so+0x99b0b2]  PSYoungGen::resize(unsigned long, unsigned long)+0x22
V  [libjvm.so+0x99838b]  PSScavenge::invoke_no_policy()+0xf3b
V  [libjvm.so+0x998b11]  PSScavenge::invoke()+0x41
V  [libjvm.so+0x94f5a0]  ParallelScavengeHeap::failed_mem_allocate(unsigned long)+0x70
V  [libjvm.so+0xad13c7]  VM_ParallelGCFailedAllocation::doit()+0x97
V  [libjvm.so+0xad8ed5]  VM_Operation::evaluate()+0x55
V  [libjvm.so+0xad729a]  VMThread::evaluate_operation(VM_Operation*)+0xba
V  [libjvm.so+0xad761e]  VMThread::loop()+0x1ce
V  [libjvm.so+0xad7a90]  VMThread::run()+0x70
V  [libjvm.so+0x92da28]  java_start(Thread*)+0x108

VM_Operation (0x00007f4ff8626410): ParallelGCFailedAllocation, mode: safepoint, requested by thread 0x00007f4ff0008800


---------------  P R O C E S S  ---------------

Java Threads: ( => current thread )
  0x00007f4ff00d2000 JavaThread "Service Thread" daemon [_thread_blocked, id=20511, stack(0x00007f4fd84e7000,0x00007f4fd85e8000)]
  0x00007f4ff00c6800 JavaThread "C1 CompilerThread3" daemon [_thread_blocked, id=20510, stack(0x00007f4fd85e8000,0x00007f4fd86e9000)]
  0x00007f4ff00c4800 JavaThread "C2 CompilerThread2" daemon [_thread_blocked, id=20509, stack(0x00007f4fd86e9000,0x00007f4fd87ea000)]
  0x00007f4ff00c3000 JavaThread "C2 CompilerThread1" daemon [_thread_blocked, id=20508, stack(0x00007f4fd87ea000,0x00007f4fd88eb000)]
  0x00007f4ff00c0000 JavaThread "C2 CompilerThread0" daemon [_thread_blocked, id=20507, stack(0x00007f4fd88eb000,0x00007f4fd89ec000)]
  0x00007f4ff00be800 JavaThread "Signal Dispatcher" daemon [_thread_blocked, id=20506, stack(0x00007f4fd89ec000,0x00007f4fd8aed000)]
  0x00007f4ff008b000 JavaThread "Finalizer" daemon [_thread_blocked, id=20505, stack(0x00007f4fd8dc5000,0x00007f4fd8ec6000)]
  0x00007f4ff0086800 JavaThread "Reference Handler" daemon [_thread_blocked, id=20504, stack(0x00007f4fd8ec6000,0x00007f4fd8fc7000)]
  0x00007f4ff0008800 JavaThread "main" [_thread_blocked, id=20494, stack(0x00007f4ff8527000,0x00007f4ff8628000)]

Other Threads:
=>0x00007f4ff007e800 VMThread [stack: 0x00007f4fd8fc7000,0x00007f4fd90c8000] [id=20503]
  0x00007f4ff00d6800 WatcherThread [stack: 0x00007f4fd83e6000,0x00007f4fd84e7000] [id=20512]

VM state:at safepoint (normal execution)

VM Mutex/Monitor currently owned by a thread:  ([mutex/lock_event])
[0x00007f4ff0007010] Threads_lock - owner thread: 0x00007f4ff007e800
[0x00007f4ff0007510] Heap_lock - owner thread: 0x00007f4ff0008800

Heap:
 PSYoungGen      total 2271744K, used 174566K [0x0000000715580000, 0x00000007aaa80000, 0x00000007c0000000)
  eden space 2097152K, 0% used [0x0000000715580000,0x0000000715580000,0x0000000795580000)
  from space 174592K, 99% used [0x0000000795580000,0x000000079fff9888,0x00000007a0000000)
  to   space 174592K, 0% used [0x00000007a0000000,0x00000007a0000000,0x00000007aaa80000)
 ParOldGen       total 4298752K, used 3919040K [0x00000005c0000000, 0x00000006c6600000, 0x0000000715580000)
  object space 4298752K, 91% used [0x00000005c0000000,0x00000006af330340,0x00000006c6600000)
 Metaspace       used 3822K, capacity 4666K, committed 4864K, reserved 1056768K
  class space    used 412K, capacity 430K, committed 512K, reserved 1048576K

Card table byte_map: [0x00007f4ff4aff000,0x00007f4ff5b00000] byte_map_base: 0x00007f4ff1cff000

Marking Bits: (ParMarkBitMap*) 0x00007f4ff79f7920
 Begin Bits: [0x00007f4fa4000000, 0x00007f4fac000000)
 End Bits:   [0x00007f4fac000000, 0x00007f4fb4000000)

Polling page: 0x00007f4ff864a000

CodeCache: size=245760Kb used=4033Kb max_used=4045Kb free=241727Kb
 bounds [0x00007f4fe1000000, 0x00007f4fe1400000, 0x00007f4ff0000000]
 total_blobs=641 nmethods=392 adapters=163
 compilation: enabled

Compilation events (10 events):
Event: 31.905 Thread 0x00007f4ff00c6800  389 % !   3       encryptedsearchserver.main.Index::getNumberOfCluster @ 1697 (2083 bytes)
Event: 31.915 Thread 0x00007f4ff00c6800 nmethod 389% 0x00007f4fe139dc50 code [0x00007f4fe139f500, 0x00007f4fe13b3218]
Event: 31.915 Thread 0x00007f4ff00c0000  390 % !   4       encryptedsearchserver.main.Index::getNumberOfCluster @ 1697 (2083 bytes)
Event: 31.922 Thread 0x00007f4ff00c0000 nmethod 390% 0x00007f4fe1302d50 code [0x00007f4fe1302ee0, 0x00007f4fe13035f8]
Event: 36.527 Thread 0x00007f4ff00c6800  391 % !   3       encryptedsearchserver.main.Index::getNumberOfCluster @ 1780 (2083 bytes)
Event: 36.765 Thread 0x00007f4ff00c6800 nmethod 391% 0x00007f4fe13ca750 code [0x00007f4fe13cc000, 0x00007f4fe13dfcd8]
Event: 36.765 Thread 0x00007f4ff00c3000  392 % !   4       encryptedsearchserver.main.Index::getNumberOfCluster @ 1780 (2083 bytes)
Event: 37.343 Thread 0x00007f4ff00c3000 nmethod 392% 0x00007f4fe1300a10 code [0x00007f4fe1300b80, 0x00007f4fe1301298]
Event: 53.029 Thread 0x00007f4ff00c4800  393 % !   4       encryptedsearchserver.main.Index::getNumberOfCluster @ 1882 (2083 bytes)
Event: 53.382 Thread 0x00007f4ff00c4800 nmethod 393% 0x00007f4fe130cbd0 code [0x00007f4fe130cd40, 0x00007f4fe130d3f8]

GC Heap History (7 events):
Event: 33.570 GC heap before
{Heap before GC invocations=1 (full 0):
 PSYoungGen      total 1223168K, used 1048576K [0x0000000715580000, 0x000000076aa80000, 0x00000007c0000000)
  eden space 1048576K, 100% used [0x0000000715580000,0x0000000755580000,0x0000000755580000)
  from space 174592K, 0% used [0x0000000760000000,0x0000000760000000,0x000000076aa80000)
  to   space 174592K, 0% used [0x0000000755580000,0x0000000755580000,0x0000000760000000)
 ParOldGen       total 2796544K, used 0K [0x00000005c0000000, 0x000000066ab00000, 0x0000000715580000)
  object space 2796544K, 0% used [0x00000005c0000000,0x00000005c0000000,0x000000066ab00000)
 Metaspace       used 3822K, capacity 4666K, committed 4864K, reserved 1056768K
  class space    used 412K, capacity 430K, committed 512K, reserved 1048576K
Event: 35.979 GC heap after
Heap after GC invocations=1 (full 0):
 PSYoungGen      total 1223168K, used 174578K [0x0000000715580000, 0x00000007aaa80000, 0x00000007c0000000)
  eden space 1048576K, 0% used [0x0000000715580000,0x0000000715580000,0x0000000755580000)
  from space 174592K, 99% used [0x0000000755580000,0x000000075fffc8c0,0x0000000760000000)
  to   space 174592K, 0% used [0x00000007a0000000,0x00000007a0000000,0x00000007aaa80000)
 ParOldGen       total 2796544K, used 777049K [0x00000005c0000000, 0x000000066ab00000, 0x0000000715580000)
  object space 2796544K, 27% used [0x00000005c0000000,0x00000005ef6d64e8,0x000000066ab00000)
 Metaspace       used 3822K, capacity 4666K, committed 4864K, reserved 1056768K
  class space    used 412K, capacity 430K, committed 512K, reserved 1048576K
}
Event: 37.365 GC heap before
{Heap before GC invocations=2 (full 0):
 PSYoungGen      total 1223168K, used 1223154K [0x0000000715580000, 0x00000007aaa80000, 0x00000007c0000000)
  eden space 1048576K, 100% used [0x0000000715580000,0x0000000755580000,0x0000000755580000)
  from space 174592K, 99% used [0x0000000755580000,0x000000075fffc8c0,0x0000000760000000)
  to   space 174592K, 0% used [0x00000007a0000000,0x00000007a0000000,0x00000007aaa80000)
 ParOldGen       total 2796544K, used 777049K [0x00000005c0000000, 0x000000066ab00000, 0x0000000715580000)
  object space 2796544K, 27% used [0x00000005c0000000,0x00000005ef6d64e8,0x000000066ab00000)
 Metaspace       used 3822K, capacity 4666K, committed 4864K, reserved 1056768K
  class space    used 412K, capacity 430K, committed 512K, reserved 1048576K
Event: 47.272 GC heap after
Heap after GC invocations=2 (full 0):
 PSYoungGen      total 2271744K, used 174587K [0x0000000715580000, 0x00000007aaa80000, 0x00000007c0000000)
  eden space 2097152K, 0% used [0x0000000715580000,0x0000000715580000,0x0000000795580000)
  from space 174592K, 99% used [0x00000007a0000000,0x00000007aaa7ee28,0x00000007aaa80000)
  to   space 174592K, 0% used [0x0000000795580000,0x0000000795580000,0x00000007a0000000)
 ParOldGen       total 2796544K, used 1824074K [0x00000005c0000000, 0x000000066ab00000, 0x0000000715580000)
  object space 2796544K, 65% used [0x00000005c0000000,0x000000062f552b38,0x000000066ab00000)
 Metaspace       used 3822K, capacity 4666K, committed 4864K, reserved 1056768K
  class space    used 412K, capacity 430K, committed 512K, reserved 1048576K
}
Event: 47.347 GC heap before
{Heap before GC invocations=3 (full 1):
 PSYoungGen      total 2271744K, used 174587K [0x0000000715580000, 0x00000007aaa80000, 0x00000007c0000000)
  eden space 2097152K, 0% used [0x0000000715580000,0x0000000715580000,0x0000000795580000)
  from space 174592K, 99% used [0x00000007a0000000,0x00000007aaa7ee28,0x00000007aaa80000)
  to   space 174592K, 0% used [0x0000000795580000,0x0000000795580000,0x00000007a0000000)
 ParOldGen       total 2796544K, used 1824074K [0x00000005c0000000, 0x000000066ab00000, 0x0000000715580000)
  object space 2796544K, 65% used [0x00000005c0000000,0x000000062f552b38,0x000000066ab00000)
 Metaspace       used 3822K, capacity 4666K, committed 4864K, reserved 1056768K
  class space    used 412K, capacity 430K, committed 512K, reserved 1048576K
Event: 52.679 GC heap after
Heap after GC invocations=3 (full 1):
 PSYoungGen      total 2271744K, used 0K [0x0000000715580000, 0x00000007aaa80000, 0x00000007c0000000)
  eden space 2097152K, 0% used [0x0000000715580000,0x0000000715580000,0x0000000795580000)
  from space 174592K, 0% used [0x00000007a0000000,0x00000007a0000000,0x00000007aaa80000)
  to   space 174592K, 0% used [0x0000000795580000,0x0000000795580000,0x00000007a0000000)
 ParOldGen       total 4298752K, used 1998380K [0x00000005c0000000, 0x00000006c6600000, 0x0000000715580000)
  object space 4298752K, 46% used [0x00000005c0000000,0x0000000639f8b360,0x00000006c6600000)
 Metaspace       used 3822K, capacity 4666K, committed 4864K, reserved 1056768K
  class space    used 412K, capacity 430K, committed 512K, reserved 1048576K
}
Event: 67.593 GC heap before
{Heap before GC invocations=4 (full 1):
 PSYoungGen      total 2271744K, used 2097152K [0x0000000715580000, 0x00000007aaa80000, 0x00000007c0000000)
  eden space 2097152K, 100% used [0x0000000715580000,0x0000000795580000,0x0000000795580000)
  from space 174592K, 0% used [0x00000007a0000000,0x00000007a0000000,0x00000007aaa80000)
  to   space 174592K, 0% used [0x0000000795580000,0x0000000795580000,0x00000007a0000000)
 ParOldGen       total 4298752K, used 1998380K [0x00000005c0000000, 0x00000006c6600000, 0x0000000715580000)
  object space 4298752K, 46% used [0x00000005c0000000,0x0000000639f8b360,0x00000006c6600000)
 Metaspace       used 3822K, capacity 4666K, committed 4864K, reserved 1056768K
  class space    used 412K, capacity 430K, committed 512K, reserved 1048576K

Deoptimization events (10 events):
Event: 28.601 Thread 0x00007f4ff0008800 Uncommon trap: reason=unstable_if action=reinterpret pc=0x00007f4fe11b961c method=java.util.HashMap.resize()[Ljava/util/HashMap$Node; @ 206
Event: 28.701 Thread 0x00007f4ff0008800 Uncommon trap: reason=unstable_if action=reinterpret pc=0x00007f4fe11b0dc4 method=java.util.HashMap.putVal(ILjava/lang/Object;Ljava/lang/Object;ZZ)Ljava/lang/Object; @ 162
Event: 28.707 Thread 0x00007f4ff0008800 Uncommon trap: reason=unstable_if action=reinterpret pc=0x00007f4fe12f08f4 method=java.util.HashMap.keySet()Ljava/util/Set; @ 6
Event: 29.752 Thread 0x00007f4ff0008800 Uncommon trap: reason=class_check action=maybe_recompile pc=0x00007f4fe11bdea4 method=java.util.HashMap.getNode(ILjava/lang/Object;)Ljava/util/HashMap$Node; @ 126
Event: 29.930 Thread 0x00007f4ff0008800 Uncommon trap: reason=unstable_if action=reinterpret pc=0x00007f4fe13061d4 method=encryptedsearchserver.main.Index.getNumberOfCluster()I @ 1288
Event: 30.040 Thread 0x00007f4ff0008800 Uncommon trap: reason=unstable_if action=reinterpret pc=0x00007f4fe130553c method=encryptedsearchserver.main.Index.getNumberOfCluster()I @ 1453
Event: 31.634 Thread 0x00007f4ff0008800 Uncommon trap: reason=unreached action=reinterpret pc=0x00007f4fe1310b04 method=encryptedsearchserver.main.Index.getNumberOfCluster()I @ 1568
Event: 31.904 Thread 0x00007f4ff0008800 Uncommon trap: reason=unstable_if action=reinterpret pc=0x00007f4fe130fcb4 method=encryptedsearchserver.main.Index.getNumberOfCluster()I @ 1656
Event: 36.492 Thread 0x00007f4ff0008800 Uncommon trap: reason=unreached action=reinterpret pc=0x00007f4fe13032e8 method=encryptedsearchserver.main.Index.getNumberOfCluster()I @ 1829
Event: 53.418 Thread 0x00007f4ff0008800 Uncommon trap: reason=unstable_if action=reinterpret pc=0x00007f4fe130d0c4 method=encryptedsearchserver.main.Index.getNumberOfCluster()I @ 1931

Classes redefined (0 events):
No events

Internal exceptions (6 events):
Event: 0.029 Thread 0x00007f4ff0008800 Exception <a 'java/lang/NoSuchMethodError': Method sun.misc.Unsafe.defineClass(Ljava/lang/String;[BII)Ljava/lang/Class; name or signature does not match> (0x0000000715587ca0) thrown at [/HUDSON/workspace/8-2-build-linux-amd64/jdk8u161/10277/hotspot/src/sh
Event: 0.029 Thread 0x00007f4ff0008800 Exception <a 'java/lang/NoSuchMethodError': Method sun.misc.Unsafe.prefetchRead(Ljava/lang/Object;J)V name or signature does not match> (0x0000000715587f88) thrown at [/HUDSON/workspace/8-2-build-linux-amd64/jdk8u161/10277/hotspot/src/share/vm/prims/jni.c
Event: 0.084 Thread 0x00007f4ff0008800 Exception <a 'java/security/PrivilegedActionException'> (0x0000000715635330) thrown at [/HUDSON/workspace/8-2-build-linux-amd64/jdk8u161/10277/hotspot/src/share/vm/prims/jvm.cpp, line 1390]
Event: 0.084 Thread 0x00007f4ff0008800 Exception <a 'java/security/PrivilegedActionException'> (0x0000000715635728) thrown at [/HUDSON/workspace/8-2-build-linux-amd64/jdk8u161/10277/hotspot/src/share/vm/prims/jvm.cpp, line 1390]
Event: 0.084 Thread 0x00007f4ff0008800 Exception <a 'java/security/PrivilegedActionException'> (0x0000000715637790) thrown at [/HUDSON/workspace/8-2-build-linux-amd64/jdk8u161/10277/hotspot/src/share/vm/prims/jvm.cpp, line 1390]
Event: 0.084 Thread 0x00007f4ff0008800 Exception <a 'java/security/PrivilegedActionException'> (0x0000000715637b88) thrown at [/HUDSON/workspace/8-2-build-linux-amd64/jdk8u161/10277/hotspot/src/share/vm/prims/jvm.cpp, line 1390]

Events (10 events):
Event: 36.698 Executing VM operation: RevokeBias
Event: 36.698 Executing VM operation: RevokeBias done
Event: 37.365 Executing VM operation: ParallelGCFailedAllocation
Event: 52.935 Executing VM operation: ParallelGCFailedAllocation done
Event: 53.382 Thread 0x00007f4ff0008800 DEOPT PACKING pc=0x00007f4fe13dd2d3 sp=0x00007f4ff8626390
Event: 53.382 Thread 0x00007f4ff0008800 DEOPT UNPACKING pc=0x00007f4fe1047784 sp=0x00007f4ff8626430 mode 0
Event: 53.418 Thread 0x00007f4ff0008800 Uncommon trap: trap_request=0xffffff65 fr.pc=0x00007f4fe130d0c4
Event: 53.418 Thread 0x00007f4ff0008800 DEOPT PACKING pc=0x00007f4fe130d0c4 sp=0x00007f4ff86267e0
Event: 53.418 Thread 0x00007f4ff0008800 DEOPT UNPACKING pc=0x00007f4fe104573a sp=0x00007f4ff86266c0 mode 2
Event: 67.268 Executing VM operation: ParallelGCFailedAllocation


Dynamic libraries:
00400000-00401000 r-xp 00000000 08:04 1053497                            /opt/eclipse/jre/bin/java
00600000-00601000 rw-p 00000000 08:04 1053497                            /opt/eclipse/jre/bin/java
0208e000-020af000 rw-p 00000000 00:00 0                                  [heap]
5c0000000-6c6600000 rw-p 00000000 00:00 0 
6c6600000-715580000 ---p 00000000 00:00 0 
715580000-7aaa80000 rw-p 00000000 00:00 0 
7c0000000-7c0080000 rw-p 00000000 00:00 0 
7c0080000-800000000 ---p 00000000 00:00 0 
7f4f7c000000-7f4f7c021000 rw-p 00000000 00:00 0 
7f4f7c021000-7f4f80000000 ---p 00000000 00:00 0 
7f4f84000000-7f4f84703000 rw-p 00000000 00:00 0 
7f4f84703000-7f4f88000000 ---p 00000000 00:00 0 
7f4f88000000-7f4f88021000 rw-p 00000000 00:00 0 
7f4f88021000-7f4f8c000000 ---p 00000000 00:00 0 
7f4f8c000000-7f4f8c4bb000 rw-p 00000000 00:00 0 
7f4f8c4bb000-7f4f90000000 ---p 00000000 00:00 0 
7f4f90000000-7f4f904a6000 rw-p 00000000 00:00 0 
7f4f904a6000-7f4f94000000 ---p 00000000 00:00 0 
7f4f94000000-7f4f94021000 rw-p 00000000 00:00 0 
7f4f94021000-7f4f98000000 ---p 00000000 00:00 0 
7f4f98000000-7f4f98487000 rw-p 00000000 00:00 0 
7f4f98487000-7f4f9c000000 ---p 00000000 00:00 0 
7f4f9c000000-7f4f9c021000 rw-p 00000000 00:00 0 
7f4f9c021000-7f4fa0000000 ---p 00000000 00:00 0 
7f4fa0000000-7f4fa0021000 rw-p 00000000 00:00 0 
7f4fa0021000-7f4fa4000000 ---p 00000000 00:00 0 
7f4fa4000000-7f4fb4000000 rw-p 00000000 00:00 0 
7f4fb4000000-7f4fb4021000 rw-p 00000000 00:00 0 
7f4fb4021000-7f4fb8000000 ---p 00000000 00:00 0 
7f4fb8000000-7f4fb8021000 rw-p 00000000 00:00 0 
7f4fb8021000-7f4fbc000000 ---p 00000000 00:00 0 
7f4fbc000000-7f4fbc021000 rw-p 00000000 00:00 0 
7f4fbc021000-7f4fc0000000 ---p 00000000 00:00 0 
7f4fc0000000-7f4fc0021000 rw-p 00000000 00:00 0 
7f4fc0021000-7f4fc4000000 ---p 00000000 00:00 0 
7f4fc4000000-7f4fc4021000 rw-p 00000000 00:00 0 
7f4fc4021000-7f4fc8000000 ---p 00000000 00:00 0 
7f4fc8000000-7f4fc8021000 rw-p 00000000 00:00 0 
7f4fc8021000-7f4fcc000000 ---p 00000000 00:00 0 
7f4fcc000000-7f4fcc021000 rw-p 00000000 00:00 0 
7f4fcc021000-7f4fd0000000 ---p 00000000 00:00 0 
7f4fd4000000-7f4fd4021000 rw-p 00000000 00:00 0 
7f4fd4021000-7f4fd8000000 ---p 00000000 00:00 0 
7f4fd80c8000-7f4fd8350000 rw-p 00000000 00:00 0 
7f4fd8350000-7f4fd83e6000 r--s 0110a000 08:04 1577189                    /opt/eclipse/jre/lib/ext/jfxrt.jar
7f4fd83e6000-7f4fd83e7000 ---p 00000000 00:00 0 
7f4fd83e7000-7f4fd84e7000 rw-p 00000000 00:00 0 
7f4fd84e7000-7f4fd84ea000 ---p 00000000 00:00 0 
7f4fd84ea000-7f4fd85e8000 rw-p 00000000 00:00 0 
7f4fd85e8000-7f4fd85eb000 ---p 00000000 00:00 0 
7f4fd85eb000-7f4fd86e9000 rw-p 00000000 00:00 0 
7f4fd86e9000-7f4fd86ec000 ---p 00000000 00:00 0 
7f4fd86ec000-7f4fd87ea000 rw-p 00000000 00:00 0 
7f4fd87ea000-7f4fd87ed000 ---p 00000000 00:00 0 
7f4fd87ed000-7f4fd88eb000 rw-p 00000000 00:00 0 
7f4fd88eb000-7f4fd88ee000 ---p 00000000 00:00 0 
7f4fd88ee000-7f4fd89ec000 rw-p 00000000 00:00 0 
7f4fd89ec000-7f4fd89ef000 ---p 00000000 00:00 0 
7f4fd89ef000-7f4fd8aed000 rw-p 00000000 00:00 0 
7f4fd8aed000-7f4fd8dc5000 r--p 00000000 08:04 6554024                    /usr/lib/locale/locale-archive
7f4fd8dc5000-7f4fd8dc8000 ---p 00000000 00:00 0 
7f4fd8dc8000-7f4fd8ec6000 rw-p 00000000 00:00 0 
7f4fd8ec6000-7f4fd8ec9000 ---p 00000000 00:00 0 
7f4fd8ec9000-7f4fd8fc7000 rw-p 00000000 00:00 0 
7f4fd8fc7000-7f4fd8fc8000 ---p 00000000 00:00 0 
7f4fd8fc8000-7f4fdac40000 rw-p 00000000 00:00 0 
7f4fdac40000-7f4fdb000000 ---p 00000000 00:00 0 
7f4fdb000000-7f4fdc000000 rw-p 00000000 00:00 0 
7f4fdc000000-7f4fdc021000 rw-p 00000000 00:00 0 
7f4fdc021000-7f4fe0000000 ---p 00000000 00:00 0 
7f4fe0002000-7f4fe0008000 r--s 00098000 08:04 676455                     /home/c00300901/eclipse-workspace/S3BD-JasonThesis/common-lang3.jar
7f4fe0008000-7f4fe000f000 r--s 0003f000 08:04 676453                     /home/c00300901/eclipse-workspace/S3BD-JasonThesis/commons-codec-1.10.jar
7f4fe000f000-7f4fe0014000 r--s 00084000 08:04 1445911                    /opt/eclipse/jre/lib/jfr.jar
7f4fe0014000-7f4fe054e000 rw-p 00000000 00:00 0 
7f4fe054e000-7f4fe0727000 r--s 03d64000 08:04 1445967                    /opt/eclipse/jre/lib/rt.jar
7f4fe0727000-7f4fe07f8000 rw-p 00000000 00:00 0 
7f4fe07f8000-7f4fe07f9000 ---p 00000000 00:00 0 
7f4fe07f9000-7f4fe08f9000 rw-p 00000000 00:00 0 
7f4fe08f9000-7f4fe08fa000 ---p 00000000 00:00 0 
7f4fe08fa000-7f4fe09fa000 rw-p 00000000 00:00 0 
7f4fe09fa000-7f4fe09fb000 ---p 00000000 00:00 0 
7f4fe09fb000-7f4fe0afb000 rw-p 00000000 00:00 0 
7f4fe0afb000-7f4fe0afc000 ---p 00000000 00:00 0 
7f4fe0afc000-7f4fe0bfc000 rw-p 00000000 00:00 0 
7f4fe0bfc000-7f4fe0bfd000 ---p 00000000 00:00 0 
7f4fe0bfd000-7f4fe0cfd000 rw-p 00000000 00:00 0 
7f4fe0cfd000-7f4fe0cfe000 ---p 00000000 00:00 0 
7f4fe0cfe000-7f4fe0dfe000 rw-p 00000000 00:00 0 
7f4fe0dfe000-7f4fe0dff000 ---p 00000000 00:00 0 
7f4fe0dff000-7f4fe0eff000 rw-p 00000000 00:00 0 
7f4fe0eff000-7f4fe0f00000 ---p 00000000 00:00 0 
7f4fe0f00000-7f4fe1000000 rw-p 00000000 00:00 0 
7f4fe1000000-7f4fe1400000 rwxp 00000000 00:00 0 
7f4fe1400000-7f4ff0000000 ---p 00000000 00:00 0 
7f4ff0000000-7f4ff01b3000 rw-p 00000000 00:00 0 
7f4ff01b3000-7f4ff4000000 ---p 00000000 00:00 0 
7f4ff4003000-7f4ff4008000 r--s 002f9000 08:04 1445965                    /opt/eclipse/jre/lib/charsets.jar
7f4ff4008000-7f4ff400b000 r--s 0001a000 08:04 1445978                    /opt/eclipse/jre/lib/jce.jar
7f4ff400b000-7f4ff4887000 rw-p 00000000 00:00 0 
7f4ff4887000-7f4ff4aff000 ---p 00000000 00:00 0 
7f4ff4aff000-7f4ff5332000 rw-p 00000000 00:00 0 
7f4ff5332000-7f4ff55a9000 ---p 00000000 00:00 0 
7f4ff55a9000-7f4ff5a55000 rw-p 00000000 00:00 0 
7f4ff5a55000-7f4ff5aff000 ---p 00000000 00:00 0 
7f4ff5aff000-7f4ff5b10000 rw-p 00000000 00:00 0 
7f4ff5b10000-7f4ff5ec0000 ---p 00000000 00:00 0 
7f4ff5ec0000-7f4ff5edb000 r-xp 00000000 08:04 1577333                    /opt/eclipse/jre/lib/amd64/libzip.so
7f4ff5edb000-7f4ff60db000 ---p 0001b000 08:04 1577333                    /opt/eclipse/jre/lib/amd64/libzip.so
7f4ff60db000-7f4ff60dc000 rw-p 0001b000 08:04 1577333                    /opt/eclipse/jre/lib/amd64/libzip.so
7f4ff60dc000-7f4ff6107000 r-xp 00000000 08:04 1577327                    /opt/eclipse/jre/lib/amd64/libjava.so
7f4ff6107000-7f4ff6306000 ---p 0002b000 08:04 1577327                    /opt/eclipse/jre/lib/amd64/libjava.so
7f4ff6306000-7f4ff6308000 rw-p 0002a000 08:04 1577327                    /opt/eclipse/jre/lib/amd64/libjava.so
7f4ff6308000-7f4ff6315000 r-xp 00000000 08:04 1577332                    /opt/eclipse/jre/lib/amd64/libverify.so
7f4ff6315000-7f4ff6515000 ---p 0000d000 08:04 1577332                    /opt/eclipse/jre/lib/amd64/libverify.so
7f4ff6515000-7f4ff6517000 rw-p 0000d000 08:04 1577332                    /opt/eclipse/jre/lib/amd64/libverify.so
7f4ff6517000-7f4ff651e000 r-xp 00000000 08:04 2097363                    /lib/x86_64-linux-gnu/librt-2.23.so
7f4ff651e000-7f4ff671d000 ---p 00007000 08:04 2097363                    /lib/x86_64-linux-gnu/librt-2.23.so
7f4ff671d000-7f4ff671e000 r--p 00006000 08:04 2097363                    /lib/x86_64-linux-gnu/librt-2.23.so
7f4ff671e000-7f4ff671f000 rw-p 00007000 08:04 2097363                    /lib/x86_64-linux-gnu/librt-2.23.so
7f4ff671f000-7f4ff6827000 r-xp 00000000 08:04 2097167                    /lib/x86_64-linux-gnu/libm-2.23.so
7f4ff6827000-7f4ff6a26000 ---p 00108000 08:04 2097167                    /lib/x86_64-linux-gnu/libm-2.23.so
7f4ff6a26000-7f4ff6a27000 r--p 00107000 08:04 2097167                    /lib/x86_64-linux-gnu/libm-2.23.so
7f4ff6a27000-7f4ff6a28000 rw-p 00108000 08:04 2097167                    /lib/x86_64-linux-gnu/libm-2.23.so
7f4ff6a28000-7f4ff7701000 r-xp 00000000 08:04 1577312                    /opt/eclipse/jre/lib/amd64/server/libjvm.so
7f4ff7701000-7f4ff7900000 ---p 00cd9000 08:04 1577312                    /opt/eclipse/jre/lib/amd64/server/libjvm.so
7f4ff7900000-7f4ff79d9000 rw-p 00cd8000 08:04 1577312                    /opt/eclipse/jre/lib/amd64/server/libjvm.so
7f4ff79d9000-7f4ff7a25000 rw-p 00000000 00:00 0 
7f4ff7a25000-7f4ff7be5000 r-xp 00000000 08:04 2097345                    /lib/x86_64-linux-gnu/libc-2.23.so
7f4ff7be5000-7f4ff7de5000 ---p 001c0000 08:04 2097345                    /lib/x86_64-linux-gnu/libc-2.23.so
7f4ff7de5000-7f4ff7de9000 r--p 001c0000 08:04 2097345                    /lib/x86_64-linux-gnu/libc-2.23.so
7f4ff7de9000-7f4ff7deb000 rw-p 001c4000 08:04 2097345                    /lib/x86_64-linux-gnu/libc-2.23.so
7f4ff7deb000-7f4ff7def000 rw-p 00000000 00:00 0 
7f4ff7def000-7f4ff7df2000 r-xp 00000000 08:04 2097347                    /lib/x86_64-linux-gnu/libdl-2.23.so
7f4ff7df2000-7f4ff7ff1000 ---p 00003000 08:04 2097347                    /lib/x86_64-linux-gnu/libdl-2.23.so
7f4ff7ff1000-7f4ff7ff2000 r--p 00002000 08:04 2097347                    /lib/x86_64-linux-gnu/libdl-2.23.so
7f4ff7ff2000-7f4ff7ff3000 rw-p 00003000 08:04 2097347                    /lib/x86_64-linux-gnu/libdl-2.23.so
7f4ff7ff3000-7f4ff8009000 r-xp 00000000 08:04 1577307                    /opt/eclipse/jre/lib/amd64/jli/libjli.so
7f4ff8009000-7f4ff8208000 ---p 00016000 08:04 1577307                    /opt/eclipse/jre/lib/amd64/jli/libjli.so
7f4ff8208000-7f4ff8209000 rw-p 00015000 08:04 1577307                    /opt/eclipse/jre/lib/amd64/jli/libjli.so
7f4ff8209000-7f4ff8221000 r-xp 00000000 08:04 2097344                    /lib/x86_64-linux-gnu/libpthread-2.23.so
7f4ff8221000-7f4ff8420000 ---p 00018000 08:04 2097344                    /lib/x86_64-linux-gnu/libpthread-2.23.so
7f4ff8420000-7f4ff8421000 r--p 00017000 08:04 2097344                    /lib/x86_64-linux-gnu/libpthread-2.23.so
7f4ff8421000-7f4ff8422000 rw-p 00018000 08:04 2097344                    /lib/x86_64-linux-gnu/libpthread-2.23.so
7f4ff8422000-7f4ff8426000 rw-p 00000000 00:00 0 
7f4ff8426000-7f4ff844c000 r-xp 00000000 08:04 2097343                    /lib/x86_64-linux-gnu/ld-2.23.so
7f4ff844c000-7f4ff844d000 r--s 00008000 08:04 16908689                   /home/c00300901/Downloads/Jama-1.0.3.jar
7f4ff844d000-7f4ff8452000 r--s 0009d000 08:04 1445972                    /opt/eclipse/jre/lib/jsse.jar
7f4ff8452000-7f4ff84f2000 rw-p 00000000 00:00 0 
7f4ff84f2000-7f4ff8527000 r--s 00000000 08:04 18613502                   /var/cache/nscd/passwd
7f4ff8527000-7f4ff852a000 ---p 00000000 00:00 0 
7f4ff852a000-7f4ff862d000 rw-p 00000000 00:00 0 
7f4ff862d000-7f4ff862e000 r--s 00012000 08:04 2623672                    /home/c00300901/eclipse-workspace/S3BD-JasonThesis/EncryptedSearchServer/dist/EncryptedSearchServer.jar
7f4ff862e000-7f4ff8641000 r--s 00345000 08:04 1445971                    /opt/eclipse/jre/lib/resources.jar
7f4ff8641000-7f4ff8649000 rw-s 00000000 08:04 16908570                   /tmp/hsperfdata_c00300901/20486
7f4ff8649000-7f4ff864a000 rw-p 00000000 00:00 0 
7f4ff864a000-7f4ff864b000 ---p 00000000 00:00 0 
7f4ff864b000-7f4ff864c000 r--p 00025000 08:04 2097343                    /lib/x86_64-linux-gnu/ld-2.23.so
7f4ff864c000-7f4ff864d000 rw-p 00026000 08:04 2097343                    /lib/x86_64-linux-gnu/ld-2.23.so
7f4ff864d000-7f4ff864e000 rw-p 00000000 00:00 0 
7ffcc0015000-7ffcc0036000 rw-p 00000000 00:00 0                          [stack]
7ffcc00dc000-7ffcc00de000 r--p 00000000 00:00 0                          [vvar]
7ffcc00de000-7ffcc00e0000 r-xp 00000000 00:00 0                          [vdso]
ffffffffff600000-ffffffffff601000 r-xp 00000000 00:00 0                  [vsyscall]

VM Arguments:
jvm_args: -Xms4096M -Xmx8192M -Dfile.encoding=UTF-8 
java_command: encryptedsearchserver.main.EncryptedSearchServer
java_class_path (initial): /opt/eclipse/jre/lib/resources.jar:/opt/eclipse/jre/lib/rt.jar:/opt/eclipse/jre/lib/jsse.jar:/opt/eclipse/jre/lib/jce.jar:/opt/eclipse/jre/lib/charsets.jar:/opt/eclipse/jre/lib/jfr.jar:/opt/eclipse/jre/lib/ext/nashorn.jar:/opt/eclipse/jre/lib/ext/sunjce_provider.jar:/opt/eclipse/jre/lib/ext/localedata.jar:/opt/eclipse/jre/lib/ext/sunec.jar:/opt/eclipse/jre/lib/ext/jfxrt.jar:/opt/eclipse/jre/lib/ext/dnsns.jar:/opt/eclipse/jre/lib/ext/cldrdata.jar:/opt/eclipse/jre/lib/ext/zipfs.jar:/opt/eclipse/jre/lib/ext/jaccess.jar:/opt/eclipse/jre/lib/ext/sunpkcs11.jar:/home/c00300901/eclipse-workspace/S3BD-JasonThesis/EncryptedSearchServer/build/classes:/home/c00300901/eclipse-workspace/S3BD-JasonThesis/EncryptedSearchServer/dist/EncryptedSearchServer.jar:/home/c00300901/Downloads/Jama-1.0.3.jar:/home/c00300901/eclipse-workspace/S3BD-JasonThesis/commons-codec-1.10.jar:/home/c00300901/eclipse-workspace/S3BD-JasonThesis/common-lang3.jar
Launcher Type: SUN_STANDARD

Environment Variables:
PATH=/home/c00300901/bin:/home/c00300901/.local/bin:/usr/local/sbin:/usr/local/bin:/usr/sbin:/usr/bin:/sbin:/bin:/usr/games:/usr/local/games
SHELL=/bin/bash
DISPLAY=:0

Signal Handlers:
SIGSEGV: [libjvm.so+0xad01e0], sa_mask[0]=11111111011111111101111111111110, sa_flags=SA_RESTART|SA_SIGINFO
SIGBUS: [libjvm.so+0xad01e0], sa_mask[0]=11111111011111111101111111111110, sa_flags=SA_RESTART|SA_SIGINFO
SIGFPE: [libjvm.so+0x927fb0], sa_mask[0]=11111111011111111101111111111110, sa_flags=SA_RESTART|SA_SIGINFO
SIGPIPE: [libjvm.so+0x927fb0], sa_mask[0]=11111111011111111101111111111110, sa_flags=SA_RESTART|SA_SIGINFO
SIGXFSZ: [libjvm.so+0x927fb0], sa_mask[0]=11111111011111111101111111111110, sa_flags=SA_RESTART|SA_SIGINFO
SIGILL: [libjvm.so+0x927fb0], sa_mask[0]=11111111011111111101111111111110, sa_flags=SA_RESTART|SA_SIGINFO
SIGUSR1: SIG_DFL, sa_mask[0]=00000000000000000000000000000000, sa_flags=none
SIGUSR2: [libjvm.so+0x9297f0], sa_mask[0]=00100000000000000000000000000000, sa_flags=SA_RESTART|SA_SIGINFO
SIGHUP: [libjvm.so+0x92abf0], sa_mask[0]=11111111011111111101111111111110, sa_flags=SA_RESTART|SA_SIGINFO
SIGINT: [libjvm.so+0x92abf0], sa_mask[0]=11111111011111111101111111111110, sa_flags=SA_RESTART|SA_SIGINFO
SIGTERM: [libjvm.so+0x92abf0], sa_mask[0]=11111111011111111101111111111110, sa_flags=SA_RESTART|SA_SIGINFO
SIGQUIT: [libjvm.so+0x92abf0], sa_mask[0]=11111111011111111101111111111110, sa_flags=SA_RESTART|SA_SIGINFO


---------------  S Y S T E M  ---------------

OS:DISTRIB_ID=LinuxMint
DISTRIB_RELEASE=18.2
DISTRIB_CODENAME=sonya
DISTRIB_DESCRIPTION="Linux Mint 18.2 Sonya"

uname:Linux 4.8.0-53-generic #56~16.04.1-Ubuntu SMP Tue May 16 01:18:56 UTC 2017 x86_64
libc:glibc 2.23 NPTL 2.23 
rlimit: STACK 8192k, CORE 0k, NPROC 63468, NOFILE 1048576, AS infinity
load average:40.47 13.32 4.95

/proc/meminfo:
MemTotal:       16293304 kB
MemFree:          197044 kB
MemAvailable:     126732 kB
Buffers:            2460 kB
Cached:           953024 kB
SwapCached:          400 kB
Active:         14246880 kB
Inactive:        1351312 kB
Active(anon):   14223356 kB
Inactive(anon):  1246116 kB
Active(file):      23524 kB
Inactive(file):   105196 kB
Unevictable:         620 kB
Mlocked:             620 kB
SwapTotal:       3999740 kB
SwapFree:           2608 kB
Dirty:               200 kB
Writeback:             0 kB
AnonPages:      14643432 kB
Mapped:            75184 kB
Shmem:            826524 kB
Slab:             151080 kB
SReclaimable:      66864 kB
SUnreclaim:        84216 kB
KernelStack:       32848 kB
PageTables:       172752 kB
NFS_Unstable:          0 kB
Bounce:                0 kB
WritebackTmp:          0 kB
CommitLimit:    12146392 kB
Committed_AS:   40129700 kB
VmallocTotal:   34359738367 kB
VmallocUsed:           0 kB
VmallocChunk:          0 kB
HardwareCorrupted:     0 kB
AnonHugePages:   2684928 kB
ShmemHugePages:        0 kB
ShmemPmdMapped:        0 kB
CmaTotal:              0 kB
CmaFree:               0 kB
HugePages_Total:       0
HugePages_Free:        0
HugePages_Rsvd:        0
HugePages_Surp:        0
Hugepagesize:       2048 kB
DirectMap4k:      672732 kB
DirectMap2M:    15966208 kB
DirectMap1G:           0 kB


CPU:total 8 (initial active 8) (4 cores per cpu, 2 threads per core) family 6 model 94 stepping 3, cmov, cx8, fxsr, mmx, sse, sse2, sse3, ssse3, sse4.1, sse4.2, popcnt, avx, avx2, aes, clmul, erms, rtm, 3dnowpref, lzcnt, ht, tsc, tscinvbit, bmi1, bmi2, adx

/proc/cpuinfo:
processor	: 0
vendor_id	: GenuineIntel
cpu family	: 6
model		: 94
model name	: Intel(R) Core(TM) i7-6700 CPU @ 3.40GHz
stepping	: 3
microcode	: 0x9e
cpu MHz		: 895.446
cache size	: 8192 KB
physical id	: 0
siblings	: 8
core id		: 0
cpu cores	: 4
apicid		: 0
initial apicid	: 0
fpu		: yes
fpu_exception	: yes
cpuid level	: 22
wp		: yes
flags		: fpu vme de pse tsc msr pae mce cx8 apic sep mtrr pge mca cmov pat pse36 clflush dts acpi mmx fxsr sse sse2 ss ht tm pbe syscall nx pdpe1gb rdtscp lm constant_tsc art arch_perfmon pebs bts rep_good nopl xtopology nonstop_tsc aperfmperf eagerfpu pni pclmulqdq dtes64 monitor ds_cpl vmx smx est tm2 ssse3 sdbg fma cx16 xtpr pdcm pcid sse4_1 sse4_2 x2apic movbe popcnt tsc_deadline_timer aes xsave avx f16c rdrand lahf_lm abm 3dnowprefetch epb intel_pt tpr_shadow vnmi flexpriority ept vpid fsgsbase tsc_adjust bmi1 hle avx2 smep bmi2 erms invpcid rtm mpx rdseed adx smap clflushopt xsaveopt xsavec xgetbv1 xsaves dtherm ida arat pln pts hwp hwp_notify hwp_act_window hwp_epp
bugs		:
bogomips	: 6816.00
clflush size	: 64
cache_alignment	: 64
address sizes	: 39 bits physical, 48 bits virtual
power management:

processor	: 1
vendor_id	: GenuineIntel
cpu family	: 6
model		: 94
model name	: Intel(R) Core(TM) i7-6700 CPU @ 3.40GHz
stepping	: 3
microcode	: 0x9e
cpu MHz		: 1074.743
cache size	: 8192 KB
physical id	: 0
siblings	: 8
core id		: 1
cpu cores	: 4
apicid		: 2
initial apicid	: 2
fpu		: yes
fpu_exception	: yes
cpuid level	: 22
wp		: yes
flags		: fpu vme de pse tsc msr pae mce cx8 apic sep mtrr pge mca cmov pat pse36 clflush dts acpi mmx fxsr sse sse2 ss ht tm pbe syscall nx pdpe1gb rdtscp lm constant_tsc art arch_perfmon pebs bts rep_good nopl xtopology nonstop_tsc aperfmperf eagerfpu pni pclmulqdq dtes64 monitor ds_cpl vmx smx est tm2 ssse3 sdbg fma cx16 xtpr pdcm pcid sse4_1 sse4_2 x2apic movbe popcnt tsc_deadline_timer aes xsave avx f16c rdrand lahf_lm abm 3dnowprefetch epb intel_pt tpr_shadow vnmi flexpriority ept vpid fsgsbase tsc_adjust bmi1 hle avx2 smep bmi2 erms invpcid rtm mpx rdseed adx smap clflushopt xsaveopt xsavec xgetbv1 xsaves dtherm ida arat pln pts hwp hwp_notify hwp_act_window hwp_epp
bugs		:
bogomips	: 6816.00
clflush size	: 64
cache_alignment	: 64
address sizes	: 39 bits physical, 48 bits virtual
power management:

processor	: 2
vendor_id	: GenuineIntel
cpu family	: 6
model		: 94
model name	: Intel(R) Core(TM) i7-6700 CPU @ 3.40GHz
stepping	: 3
microcode	: 0x9e
cpu MHz		: 894.201
cache size	: 8192 KB
physical id	: 0
siblings	: 8
core id		: 2
cpu cores	: 4
apicid		: 4
initial apicid	: 4
fpu		: yes
fpu_exception	: yes
cpuid level	: 22
wp		: yes
flags		: fpu vme de pse tsc msr pae mce cx8 apic sep mtrr pge mca cmov pat pse36 clflush dts acpi mmx fxsr sse sse2 ss ht tm pbe syscall nx pdpe1gb rdtscp lm constant_tsc art arch_perfmon pebs bts rep_good nopl xtopology nonstop_tsc aperfmperf eagerfpu pni pclmulqdq dtes64 monitor ds_cpl vmx smx est tm2 ssse3 sdbg fma cx16 xtpr pdcm pcid sse4_1 sse4_2 x2apic movbe popcnt tsc_deadline_timer aes xsave avx f16c rdrand lahf_lm abm 3dnowprefetch epb intel_pt tpr_shadow vnmi flexpriority ept vpid fsgsbase tsc_adjust bmi1 hle avx2 smep bmi2 erms invpcid rtm mpx rdseed adx smap clflushopt xsaveopt xsavec xgetbv1 xsaves dtherm ida arat pln pts hwp hwp_notify hwp_act_window hwp_epp
bugs		:
bogomips	: 6816.00
clflush size	: 64
cache_alignment	: 64
address sizes	: 39 bits physical, 48 bits virtual
power management:

processor	: 3
vendor_id	: GenuineIntel
cpu family	: 6
model		: 94
model name	: Intel(R) Core(TM) i7-6700 CPU @ 3.40GHz
stepping	: 3
microcode	: 0x9e
cpu MHz		: 894.201
cache size	: 8192 KB
physical id	: 0
siblings	: 8
core id		: 3
cpu cores	: 4
apicid		: 6
initial apicid	: 6
fpu		: yes
fpu_exception	: yes
cpuid level	: 22
wp		: yes
flags		: fpu vme de pse tsc msr pae mce cx8 apic sep mtrr pge mca cmov pat pse36 clflush dts acpi mmx fxsr sse sse2 ss ht tm pbe syscall nx pdpe1gb rdtscp lm constant_tsc art arch_perfmon pebs bts rep_good nopl xtopology nonstop_tsc aperfmperf eagerfpu pni pclmulqdq dtes64 monitor ds_cpl vmx smx est tm2 ssse3 sdbg fma cx16 xtpr pdcm pcid sse4_1 sse4_2 x2apic movbe popcnt tsc_deadline_timer aes xsave avx f16c rdrand lahf_lm abm 3dnowprefetch epb intel_pt tpr_shadow vnmi flexpriority ept vpid fsgsbase tsc_adjust bmi1 hle avx2 smep bmi2 erms invpcid rtm mpx rdseed adx smap clflushopt xsaveopt xsavec xgetbv1 xsaves dtherm ida arat pln pts hwp hwp_notify hwp_act_window hwp_epp
bugs		:
bogomips	: 6816.00
clflush size	: 64
cache_alignment	: 64
address sizes	: 39 bits physical, 48 bits virtual
power management:

processor	: 4
vendor_id	: GenuineIntel
cpu family	: 6
model		: 94
model name	: Intel(R) Core(TM) i7-6700 CPU @ 3.40GHz
stepping	: 3
microcode	: 0x9e
cpu MHz		: 884.448
cache size	: 8192 KB
physical id	: 0
siblings	: 8
core id		: 0
cpu cores	: 4
apicid		: 1
initial apicid	: 1
fpu		: yes
fpu_exception	: yes
cpuid level	: 22
wp		: yes
flags		: fpu vme de pse tsc msr pae mce cx8 apic sep mtrr pge mca cmov pat pse36 clflush dts acpi mmx fxsr sse sse2 ss ht tm pbe syscall nx pdpe1gb rdtscp lm constant_tsc art arch_perfmon pebs bts rep_good nopl xtopology nonstop_tsc aperfmperf eagerfpu pni pclmulqdq dtes64 monitor ds_cpl vmx smx est tm2 ssse3 sdbg fma cx16 xtpr pdcm pcid sse4_1 sse4_2 x2apic movbe popcnt tsc_deadline_timer aes xsave avx f16c rdrand lahf_lm abm 3dnowprefetch epb intel_pt tpr_shadow vnmi flexpriority ept vpid fsgsbase tsc_adjust bmi1 hle avx2 smep bmi2 erms invpcid rtm mpx rdseed adx smap clflushopt xsaveopt xsavec xgetbv1 xsaves dtherm ida arat pln pts hwp hwp_notify hwp_act_window hwp_epp
bugs		:
bogomips	: 6816.00
clflush size	: 64
cache_alignment	: 64
address sizes	: 39 bits physical, 48 bits virtual
power management:

processor	: 5
vendor_id	: GenuineIntel
cpu family	: 6
model		: 94
model name	: Intel(R) Core(TM) i7-6700 CPU @ 3.40GHz
stepping	: 3
microcode	: 0x9e
cpu MHz		: 900.012
cache size	: 8192 KB
physical id	: 0
siblings	: 8
core id		: 1
cpu cores	: 4
apicid		: 3
initial apicid	: 3
fpu		: yes
fpu_exception	: yes
cpuid level	: 22
wp		: yes
flags		: fpu vme de pse tsc msr pae mce cx8 apic sep mtrr pge mca cmov pat pse36 clflush dts acpi mmx fxsr sse sse2 ss ht tm pbe syscall nx pdpe1gb rdtscp lm constant_tsc art arch_perfmon pebs bts rep_good nopl xtopology nonstop_tsc aperfmperf eagerfpu pni pclmulqdq dtes64 monitor ds_cpl vmx smx est tm2 ssse3 sdbg fma cx16 xtpr pdcm pcid sse4_1 sse4_2 x2apic movbe popcnt tsc_deadline_timer aes xsave avx f16c rdrand lahf_lm abm 3dnowprefetch epb intel_pt tpr_shadow vnmi flexpriority ept vpid fsgsbase tsc_adjust bmi1 hle avx2 smep bmi2 erms invpcid rtm mpx rdseed adx smap clflushopt xsaveopt xsavec xgetbv1 xsaves dtherm ida arat pln pts hwp hwp_notify hwp_act_window hwp_epp
bugs		:
bogomips	: 6816.00
clflush size	: 64
cache_alignment	: 64
address sizes	: 39 bits physical, 48 bits virtual
power management:

processor	: 6
vendor_id	: GenuineIntel
cpu family	: 6
model		: 94
model name	: Intel(R) Core(TM) i7-6700 CPU @ 3.40GHz
stepping	: 3
microcode	: 0x9e
cpu MHz		: 900.012
cache size	: 8192 KB
physical id	: 0
siblings	: 8
core id		: 2
cpu cores	: 4
apicid		: 5
initial apicid	: 5
fpu		: yes
fpu_exception	: yes
cpuid level	: 22
wp		: yes
flags		: fpu vme de pse tsc msr pae mce cx8 apic sep mtrr pge mca cmov pat pse36 clflush dts acpi mmx fxsr sse sse2 ss ht tm pbe syscall nx pdpe1gb rdtscp lm constant_tsc art arch_perfmon pebs bts rep_good nopl xtopology nonstop_tsc aperfmperf eagerfpu pni pclmulqdq dtes64 monitor ds_cpl vmx smx est tm2 ssse3 sdbg fma cx16 xtpr pdcm pcid sse4_1 sse4_2 x2apic movbe popcnt tsc_deadline_timer aes xsave avx f16c rdrand lahf_lm abm 3dnowprefetch epb intel_pt tpr_shadow vnmi flexpriority ept vpid fsgsbase tsc_adjust bmi1 hle avx2 smep bmi2 erms invpcid rtm mpx rdseed adx smap clflushopt xsaveopt xsavec xgetbv1 xsaves dtherm ida arat pln pts hwp hwp_notify hwp_act_window hwp_epp
bugs		:
bogomips	: 6816.00
clflush size	: 64
cache_alignment	: 64
address sizes	: 39 bits physical, 48 bits virtual
power management:

processor	: 7
vendor_id	: GenuineIntel
cpu family	: 6
model		: 94
model name	: Intel(R) Core(TM) i7-6700 CPU @ 3.40GHz
stepping	: 3
microcode	: 0x9e
cpu MHz		: 894.409
cache size	: 8192 KB
physical id	: 0
siblings	: 8
core id		: 3
cpu cores	: 4
apicid		: 7
initial apicid	: 7
fpu		: yes
fpu_exception	: yes
cpuid level	: 22
wp		: yes
flags		: fpu vme de pse tsc msr pae mce cx8 apic sep mtrr pge mca cmov pat pse36 clflush dts acpi mmx fxsr sse sse2 ss ht tm pbe syscall nx pdpe1gb rdtscp lm constant_tsc art arch_perfmon pebs bts rep_good nopl xtopology nonstop_tsc aperfmperf eagerfpu pni pclmulqdq dtes64 monitor ds_cpl vmx smx est tm2 ssse3 sdbg fma cx16 xtpr pdcm pcid sse4_1 sse4_2 x2apic movbe popcnt tsc_deadline_timer aes xsave avx f16c rdrand lahf_lm abm 3dnowprefetch epb intel_pt tpr_shadow vnmi flexpriority ept vpid fsgsbase tsc_adjust bmi1 hle avx2 smep bmi2 erms invpcid rtm mpx rdseed adx smap clflushopt xsaveopt xsavec xgetbv1 xsaves dtherm ida arat pln pts hwp hwp_notify hwp_act_window hwp_epp
bugs		:
bogomips	: 6816.00
clflush size	: 64
cache_alignment	: 64
address sizes	: 39 bits physical, 48 bits virtual
power management:



Memory: 4k page, physical 16293304k(197044k free), swap 3999740k(2608k free)

vm_info: Java HotSpot(TM) 64-Bit Server VM (25.161-b12) for linux-amd64 JRE (1.8.0_161-b12), built on Dec 19 2017 16:12:43 by "java_re" with gcc 4.3.0 20080428 (Red Hat 4.3.0-8)

time: Thu Apr 19 19:42:35 2018
elapsed time: 152 seconds (0d 0h 2m 32s)

