#
# There is insufficient memory for the Java Runtime Environment to continue.
# Native memory allocation (mmap) failed to map 8589934592 bytes for committing reserved memory.
# Possible reasons:
#   The system is out of physical RAM or swap space
#   In 32 bit mode, the process size limit was hit
# Possible solutions:
#   Reduce memory load on the system
#   Increase physical memory or swap space
#   Check if swap backing store is full
#   Use 64 bit Java on a 64 bit OS
#   Decrease Java heap size (-Xmx/-Xms)
#   Decrease number of Java threads
#   Decrease Java thread stack sizes (-Xss)
#   Set larger code cache with -XX:ReservedCodeCacheSize=
# This output file may be truncated or incomplete.
#
#  Out of Memory Error (os_linux.cpp:2640), pid=20680, tid=0x00007fd0ff628700
#
# JRE version:  (8.0_161-b12) (build )
# Java VM: Java HotSpot(TM) 64-Bit Server VM (25.161-b12 mixed mode linux-amd64 compressed oops)
# Failed to write core dump. Core dumps have been disabled. To enable core dumping, try "ulimit -c unlimited" before starting Java again
#

---------------  T H R E A D  ---------------

Current thread (0x00007fd0f8008800):  JavaThread "Unknown thread" [_thread_in_vm, id=20687, stack(0x00007fd0ff528000,0x00007fd0ff629000)]

Stack: [0x00007fd0ff528000,0x00007fd0ff629000],  sp=0x00007fd0ff6273c0,  free space=1020k
Native frames: (J=compiled Java code, j=interpreted, Vv=VM code, C=native code)
V  [libjvm.so+0xacf94a]  VMError::report_and_die()+0x2ba
V  [libjvm.so+0x50050b]  report_vm_out_of_memory(char const*, int, unsigned long, VMErrorType, char const*)+0x8b
V  [libjvm.so+0x92b133]  os::Linux::commit_memory_impl(char*, unsigned long, bool)+0x103
V  [libjvm.so+0x92b5c9]  os::pd_commit_memory(char*, unsigned long, unsigned long, bool)+0x29
V  [libjvm.so+0x924c0a]  os::commit_memory(char*, unsigned long, unsigned long, bool)+0x2a
V  [libjvm.so+0x99ab53]  PSVirtualSpace::expand_by(unsigned long)+0x53
V  [libjvm.so+0x98ac67]  PSOldGen::initialize(ReservedSpace, unsigned long, char const*, int)+0xb7
V  [libjvm.so+0x2db30a]  AdjoiningGenerations::AdjoiningGenerations(ReservedSpace, GenerationSizer*, unsigned long)+0x39a
V  [libjvm.so+0x94ec56]  ParallelScavengeHeap::initialize()+0x1d6
V  [libjvm.so+0xa979f3]  Universe::initialize_heap()+0xf3
V  [libjvm.so+0xa97f5e]  universe_init()+0x3e
V  [libjvm.so+0x641fb5]  init_globals()+0x65
V  [libjvm.so+0xa7c5ae]  Threads::create_vm(JavaVMInitArgs*, bool*)+0x23e
V  [libjvm.so+0x6d6c24]  JNI_CreateJavaVM+0x74
C  [libjli.so+0x797e]  JavaMain+0x9e
C  [libpthread.so.0+0x76ba]  start_thread+0xca


---------------  P R O C E S S  ---------------

Java Threads: ( => current thread )

Other Threads:

=>0x00007fd0f8008800 (exited) JavaThread "Unknown thread" [_thread_in_vm, id=20687, stack(0x00007fd0ff528000,0x00007fd0ff629000)]

VM state:not at safepoint (not fully initialized)

VM Mutex/Monitor currently owned by a thread: None

GC Heap History (0 events):
No events

Deoptimization events (0 events):
No events

Classes redefined (0 events):
No events

Internal exceptions (0 events):
No events

Events (0 events):
No events


Dynamic libraries:
00400000-00401000 r-xp 00000000 08:04 1053497                            /opt/eclipse/jre/bin/java
00600000-00601000 rw-p 00000000 08:04 1053497                            /opt/eclipse/jre/bin/java
02228000-02249000 rw-p 00000000 00:00 0                                  [heap]
681800000-6ab300000 ---p 00000000 00:00 0 
6ab300000-7ab300000 rw-p 00000000 00:00 0 
7ab300000-7c0000000 ---p 00000000 00:00 0 
7fd0e760b000-7fd0e8758000 ---p 00000000 00:00 0 
7fd0e8758000-7fd0e8f59000 rw-p 00000000 00:00 0 
7fd0e8f59000-7fd0e8fff000 ---p 00000000 00:00 0 
7fd0e8fff000-7fd0e9000000 rw-p 00000000 00:00 0 
7fd0e9000000-7fd0e9270000 rwxp 00000000 00:00 0 
7fd0e9270000-7fd0f8000000 ---p 00000000 00:00 0 
7fd0f8000000-7fd0f8033000 rw-p 00000000 00:00 0 
7fd0f8033000-7fd0fc000000 ---p 00000000 00:00 0 
7fd0fc879000-7fd0fcb0b000 rw-p 00000000 00:00 0 
7fd0fcb0b000-7fd0fcec1000 ---p 00000000 00:00 0 
7fd0fcec1000-7fd0fcedc000 r-xp 00000000 08:04 1577333                    /opt/eclipse/jre/lib/amd64/libzip.so
7fd0fcedc000-7fd0fd0dc000 ---p 0001b000 08:04 1577333                    /opt/eclipse/jre/lib/amd64/libzip.so
7fd0fd0dc000-7fd0fd0dd000 rw-p 0001b000 08:04 1577333                    /opt/eclipse/jre/lib/amd64/libzip.so
7fd0fd0dd000-7fd0fd108000 r-xp 00000000 08:04 1577327                    /opt/eclipse/jre/lib/amd64/libjava.so
7fd0fd108000-7fd0fd307000 ---p 0002b000 08:04 1577327                    /opt/eclipse/jre/lib/amd64/libjava.so
7fd0fd307000-7fd0fd309000 rw-p 0002a000 08:04 1577327                    /opt/eclipse/jre/lib/amd64/libjava.so
7fd0fd309000-7fd0fd316000 r-xp 00000000 08:04 1577332                    /opt/eclipse/jre/lib/amd64/libverify.so
7fd0fd316000-7fd0fd516000 ---p 0000d000 08:04 1577332                    /opt/eclipse/jre/lib/amd64/libverify.so
7fd0fd516000-7fd0fd518000 rw-p 0000d000 08:04 1577332                    /opt/eclipse/jre/lib/amd64/libverify.so
7fd0fd518000-7fd0fd51f000 r-xp 00000000 08:04 2097363                    /lib/x86_64-linux-gnu/librt-2.23.so
7fd0fd51f000-7fd0fd71e000 ---p 00007000 08:04 2097363                    /lib/x86_64-linux-gnu/librt-2.23.so
7fd0fd71e000-7fd0fd71f000 r--p 00006000 08:04 2097363                    /lib/x86_64-linux-gnu/librt-2.23.so
7fd0fd71f000-7fd0fd720000 rw-p 00007000 08:04 2097363                    /lib/x86_64-linux-gnu/librt-2.23.so
7fd0fd720000-7fd0fd828000 r-xp 00000000 08:04 2097167                    /lib/x86_64-linux-gnu/libm-2.23.so
7fd0fd828000-7fd0fda27000 ---p 00108000 08:04 2097167                    /lib/x86_64-linux-gnu/libm-2.23.so
7fd0fda27000-7fd0fda28000 r--p 00107000 08:04 2097167                    /lib/x86_64-linux-gnu/libm-2.23.so
7fd0fda28000-7fd0fda29000 rw-p 00108000 08:04 2097167                    /lib/x86_64-linux-gnu/libm-2.23.so
7fd0fda29000-7fd0fe702000 r-xp 00000000 08:04 1577312                    /opt/eclipse/jre/lib/amd64/server/libjvm.so
7fd0fe702000-7fd0fe901000 ---p 00cd9000 08:04 1577312                    /opt/eclipse/jre/lib/amd64/server/libjvm.so
7fd0fe901000-7fd0fe9da000 rw-p 00cd8000 08:04 1577312                    /opt/eclipse/jre/lib/amd64/server/libjvm.so
7fd0fe9da000-7fd0fea26000 rw-p 00000000 00:00 0 
7fd0fea26000-7fd0febe6000 r-xp 00000000 08:04 2097345                    /lib/x86_64-linux-gnu/libc-2.23.so
7fd0febe6000-7fd0fede6000 ---p 001c0000 08:04 2097345                    /lib/x86_64-linux-gnu/libc-2.23.so
7fd0fede6000-7fd0fedea000 r--p 001c0000 08:04 2097345                    /lib/x86_64-linux-gnu/libc-2.23.so
7fd0fedea000-7fd0fedec000 rw-p 001c4000 08:04 2097345                    /lib/x86_64-linux-gnu/libc-2.23.so
7fd0fedec000-7fd0fedf0000 rw-p 00000000 00:00 0 
7fd0fedf0000-7fd0fedf3000 r-xp 00000000 08:04 2097347                    /lib/x86_64-linux-gnu/libdl-2.23.so
7fd0fedf3000-7fd0feff2000 ---p 00003000 08:04 2097347                    /lib/x86_64-linux-gnu/libdl-2.23.so
7fd0feff2000-7fd0feff3000 r--p 00002000 08:04 2097347                    /lib/x86_64-linux-gnu/libdl-2.23.so
7fd0feff3000-7fd0feff4000 rw-p 00003000 08:04 2097347                    /lib/x86_64-linux-gnu/libdl-2.23.so
7fd0feff4000-7fd0ff00a000 r-xp 00000000 08:04 1577307                    /opt/eclipse/jre/lib/amd64/jli/libjli.so
7fd0ff00a000-7fd0ff209000 ---p 00016000 08:04 1577307                    /opt/eclipse/jre/lib/amd64/jli/libjli.so
7fd0ff209000-7fd0ff20a000 rw-p 00015000 08:04 1577307                    /opt/eclipse/jre/lib/amd64/jli/libjli.so
7fd0ff20a000-7fd0ff222000 r-xp 00000000 08:04 2097344                    /lib/x86_64-linux-gnu/libpthread-2.23.so
7fd0ff222000-7fd0ff421000 ---p 00018000 08:04 2097344                    /lib/x86_64-linux-gnu/libpthread-2.23.so
7fd0ff421000-7fd0ff422000 r--p 00017000 08:04 2097344                    /lib/x86_64-linux-gnu/libpthread-2.23.so
7fd0ff422000-7fd0ff423000 rw-p 00018000 08:04 2097344                    /lib/x86_64-linux-gnu/libpthread-2.23.so
7fd0ff423000-7fd0ff427000 rw-p 00000000 00:00 0 
7fd0ff427000-7fd0ff44d000 r-xp 00000000 08:04 2097343                    /lib/x86_64-linux-gnu/ld-2.23.so
7fd0ff4f3000-7fd0ff528000 r--s 00000000 08:04 18613502                   /var/cache/nscd/passwd
7fd0ff528000-7fd0ff52b000 ---p 00000000 00:00 0 
7fd0ff52b000-7fd0ff62e000 rw-p 00000000 00:00 0 
7fd0ff642000-7fd0ff64a000 rw-s 00000000 08:04 16908570                   /tmp/hsperfdata_c00300901/20680
7fd0ff64a000-7fd0ff64b000 rw-p 00000000 00:00 0 
7fd0ff64b000-7fd0ff64c000 r--p 00000000 00:00 0 
7fd0ff64c000-7fd0ff64d000 r--p 00025000 08:04 2097343                    /lib/x86_64-linux-gnu/ld-2.23.so
7fd0ff64d000-7fd0ff64e000 rw-p 00026000 08:04 2097343                    /lib/x86_64-linux-gnu/ld-2.23.so
7fd0ff64e000-7fd0ff64f000 rw-p 00000000 00:00 0 
7fff2168f000-7fff216b0000 rw-p 00000000 00:00 0                          [stack]
7fff2179e000-7fff217a0000 r--p 00000000 00:00 0                          [vvar]
7fff217a0000-7fff217a2000 r-xp 00000000 00:00 0                          [vdso]
ffffffffff600000-ffffffffff601000 r-xp 00000000 00:00 0                  [vsyscall]

VM Arguments:
jvm_args: -Xms12288M -Xmx13288M -Dfile.encoding=UTF-8 
java_command: encryptedsearchserver.main.EncryptedSearchServer
java_class_path (initial): /opt/eclipse/jre/lib/resources.jar:/opt/eclipse/jre/lib/rt.jar:/opt/eclipse/jre/lib/jsse.jar:/opt/eclipse/jre/lib/jce.jar:/opt/eclipse/jre/lib/charsets.jar:/opt/eclipse/jre/lib/jfr.jar:/opt/eclipse/jre/lib/ext/nashorn.jar:/opt/eclipse/jre/lib/ext/sunjce_provider.jar:/opt/eclipse/jre/lib/ext/localedata.jar:/opt/eclipse/jre/lib/ext/sunec.jar:/opt/eclipse/jre/lib/ext/jfxrt.jar:/opt/eclipse/jre/lib/ext/dnsns.jar:/opt/eclipse/jre/lib/ext/cldrdata.jar:/opt/eclipse/jre/lib/ext/zipfs.jar:/opt/eclipse/jre/lib/ext/jaccess.jar:/opt/eclipse/jre/lib/ext/sunpkcs11.jar:/home/c00300901/eclipse-workspace/S3BD-JasonThesis/EncryptedSearchServer/build/classes:/home/c00300901/eclipse-workspace/S3BD-JasonThesis/EncryptedSearchServer/dist/EncryptedSearchServer.jar:/home/c00300901/Downloads/Jama-1.0.3.jar:/home/c00300901/eclipse-workspace/S3BD-JasonThesis/commons-codec-1.10.jar:/home/c00300901/eclipse-workspace/S3BD-JasonThesis/common-lang3.jar
Launcher Type: SUN_STANDARD

Environment Variables:
PATH=/home/c00300901/bin:/home/c00300901/.local/bin:/usr/local/sbin:/usr/local/bin:/usr/sbin:/usr/bin:/sbin:/bin:/usr/games:/usr/local/games
SHELL=/bin/bash
DISPLAY=:0

Signal Handlers:
SIGSEGV: [libjvm.so+0xad01e0], sa_mask[0]=11111111011111111101111111111110, sa_flags=SA_RESTART|SA_SIGINFO
SIGBUS: [libjvm.so+0xad01e0], sa_mask[0]=11111111011111111101111111111110, sa_flags=SA_RESTART|SA_SIGINFO
SIGFPE: [libjvm.so+0x927fb0], sa_mask[0]=11111111011111111101111111111110, sa_flags=SA_RESTART|SA_SIGINFO
SIGPIPE: [libjvm.so+0x927fb0], sa_mask[0]=11111111011111111101111111111110, sa_flags=SA_RESTART|SA_SIGINFO
SIGXFSZ: [libjvm.so+0x927fb0], sa_mask[0]=11111111011111111101111111111110, sa_flags=SA_RESTART|SA_SIGINFO
SIGILL: [libjvm.so+0x927fb0], sa_mask[0]=11111111011111111101111111111110, sa_flags=SA_RESTART|SA_SIGINFO
SIGUSR1: SIG_DFL, sa_mask[0]=00000000000000000000000000000000, sa_flags=none
SIGUSR2: [libjvm.so+0x9297f0], sa_mask[0]=00100000000000000000000000000000, sa_flags=SA_RESTART|SA_SIGINFO
SIGHUP: SIG_DFL, sa_mask[0]=00000000000000000000000000000000, sa_flags=none
SIGINT: SIG_DFL, sa_mask[0]=00000000000000000000000000000000, sa_flags=none
SIGTERM: SIG_DFL, sa_mask[0]=00000000000000000000000000000000, sa_flags=none
SIGQUIT: SIG_DFL, sa_mask[0]=00000000000000000000000000000000, sa_flags=none


---------------  S Y S T E M  ---------------

OS:DISTRIB_ID=LinuxMint
DISTRIB_RELEASE=18.2
DISTRIB_CODENAME=sonya
DISTRIB_DESCRIPTION="Linux Mint 18.2 Sonya"

uname:Linux 4.8.0-53-generic #56~16.04.1-Ubuntu SMP Tue May 16 01:18:56 UTC 2017 x86_64
libc:glibc 2.23 NPTL 2.23 
rlimit: STACK 8192k, CORE 0k, NPROC 63468, NOFILE 1048576, AS infinity
load average:1.81 4.17 3.60

/proc/meminfo:
MemTotal:       16293304 kB
MemFree:         6415524 kB
MemAvailable:    6597432 kB
Buffers:           25836 kB
Cached:          1445296 kB
SwapCached:        26636 kB
Active:          8607064 kB
Inactive:         786676 kB
Active(anon):    8518344 kB
Inactive(anon):   475016 kB
Active(file):      88720 kB
Inactive(file):   311660 kB
Unevictable:         620 kB
Mlocked:             620 kB
SwapTotal:       3999740 kB
SwapFree:         343200 kB
Dirty:               404 kB
Writeback:             0 kB
AnonPages:       7893820 kB
Mapped:           308892 kB
Shmem:           1070688 kB
Slab:             152144 kB
SReclaimable:      68208 kB
SUnreclaim:        83936 kB
KernelStack:       32400 kB
PageTables:       156676 kB
NFS_Unstable:          0 kB
Bounce:                0 kB
WritebackTmp:          0 kB
CommitLimit:    12146392 kB
Committed_AS:   36928360 kB
VmallocTotal:   34359738367 kB
VmallocUsed:           0 kB
VmallocChunk:          0 kB
HardwareCorrupted:     0 kB
AnonHugePages:   2572288 kB
ShmemHugePages:        0 kB
ShmemPmdMapped:        0 kB
CmaTotal:              0 kB
CmaFree:               0 kB
HugePages_Total:       0
HugePages_Free:        0
HugePages_Rsvd:        0
HugePages_Surp:        0
Hugepagesize:       2048 kB
DirectMap4k:      672732 kB
DirectMap2M:    15966208 kB
DirectMap1G:           0 kB


CPU:total 8 (initial active 8) (4 cores per cpu, 2 threads per core) family 6 model 94 stepping 3, cmov, cx8, fxsr, mmx, sse, sse2, sse3, ssse3, sse4.1, sse4.2, popcnt, avx, avx2, aes, clmul, erms, rtm, 3dnowpref, lzcnt, ht, tsc, tscinvbit, bmi1, bmi2, adx

/proc/cpuinfo:
processor	: 0
vendor_id	: GenuineIntel
cpu family	: 6
model		: 94
model name	: Intel(R) Core(TM) i7-6700 CPU @ 3.40GHz
stepping	: 3
microcode	: 0x9e
cpu MHz		: 1896.520
cache size	: 8192 KB
physical id	: 0
siblings	: 8
core id		: 0
cpu cores	: 4
apicid		: 0
initial apicid	: 0
fpu		: yes
fpu_exception	: yes
cpuid level	: 22
wp		: yes
flags		: fpu vme de pse tsc msr pae mce cx8 apic sep mtrr pge mca cmov pat pse36 clflush dts acpi mmx fxsr sse sse2 ss ht tm pbe syscall nx pdpe1gb rdtscp lm constant_tsc art arch_perfmon pebs bts rep_good nopl xtopology nonstop_tsc aperfmperf eagerfpu pni pclmulqdq dtes64 monitor ds_cpl vmx smx est tm2 ssse3 sdbg fma cx16 xtpr pdcm pcid sse4_1 sse4_2 x2apic movbe popcnt tsc_deadline_timer aes xsave avx f16c rdrand lahf_lm abm 3dnowprefetch epb intel_pt tpr_shadow vnmi flexpriority ept vpid fsgsbase tsc_adjust bmi1 hle avx2 smep bmi2 erms invpcid rtm mpx rdseed adx smap clflushopt xsaveopt xsavec xgetbv1 xsaves dtherm ida arat pln pts hwp hwp_notify hwp_act_window hwp_epp
bugs		:
bogomips	: 6816.00
clflush size	: 64
cache_alignment	: 64
address sizes	: 39 bits physical, 48 bits virtual
power management:

processor	: 1
vendor_id	: GenuineIntel
cpu family	: 6
model		: 94
model name	: Intel(R) Core(TM) i7-6700 CPU @ 3.40GHz
stepping	: 3
microcode	: 0x9e
cpu MHz		: 2139.526
cache size	: 8192 KB
physical id	: 0
siblings	: 8
core id		: 1
cpu cores	: 4
apicid		: 2
initial apicid	: 2
fpu		: yes
fpu_exception	: yes
cpuid level	: 22
wp		: yes
flags		: fpu vme de pse tsc msr pae mce cx8 apic sep mtrr pge mca cmov pat pse36 clflush dts acpi mmx fxsr sse sse2 ss ht tm pbe syscall nx pdpe1gb rdtscp lm constant_tsc art arch_perfmon pebs bts rep_good nopl xtopology nonstop_tsc aperfmperf eagerfpu pni pclmulqdq dtes64 monitor ds_cpl vmx smx est tm2 ssse3 sdbg fma cx16 xtpr pdcm pcid sse4_1 sse4_2 x2apic movbe popcnt tsc_deadline_timer aes xsave avx f16c rdrand lahf_lm abm 3dnowprefetch epb intel_pt tpr_shadow vnmi flexpriority ept vpid fsgsbase tsc_adjust bmi1 hle avx2 smep bmi2 erms invpcid rtm mpx rdseed adx smap clflushopt xsaveopt xsavec xgetbv1 xsaves dtherm ida arat pln pts hwp hwp_notify hwp_act_window hwp_epp
bugs		:
bogomips	: 6816.00
clflush size	: 64
cache_alignment	: 64
address sizes	: 39 bits physical, 48 bits virtual
power management:

processor	: 2
vendor_id	: GenuineIntel
cpu family	: 6
model		: 94
model name	: Intel(R) Core(TM) i7-6700 CPU @ 3.40GHz
stepping	: 3
microcode	: 0x9e
cpu MHz		: 1551.831
cache size	: 8192 KB
physical id	: 0
siblings	: 8
core id		: 2
cpu cores	: 4
apicid		: 4
initial apicid	: 4
fpu		: yes
fpu_exception	: yes
cpuid level	: 22
wp		: yes
flags		: fpu vme de pse tsc msr pae mce cx8 apic sep mtrr pge mca cmov pat pse36 clflush dts acpi mmx fxsr sse sse2 ss ht tm pbe syscall nx pdpe1gb rdtscp lm constant_tsc art arch_perfmon pebs bts rep_good nopl xtopology nonstop_tsc aperfmperf eagerfpu pni pclmulqdq dtes64 monitor ds_cpl vmx smx est tm2 ssse3 sdbg fma cx16 xtpr pdcm pcid sse4_1 sse4_2 x2apic movbe popcnt tsc_deadline_timer aes xsave avx f16c rdrand lahf_lm abm 3dnowprefetch epb intel_pt tpr_shadow vnmi flexpriority ept vpid fsgsbase tsc_adjust bmi1 hle avx2 smep bmi2 erms invpcid rtm mpx rdseed adx smap clflushopt xsaveopt xsavec xgetbv1 xsaves dtherm ida arat pln pts hwp hwp_notify hwp_act_window hwp_epp
bugs		:
bogomips	: 6816.00
clflush size	: 64
cache_alignment	: 64
address sizes	: 39 bits physical, 48 bits virtual
power management:

processor	: 3
vendor_id	: GenuineIntel
cpu family	: 6
model		: 94
model name	: Intel(R) Core(TM) i7-6700 CPU @ 3.40GHz
stepping	: 3
microcode	: 0x9e
cpu MHz		: 3183.557
cache size	: 8192 KB
physical id	: 0
siblings	: 8
core id		: 3
cpu cores	: 4
apicid		: 6
initial apicid	: 6
fpu		: yes
fpu_exception	: yes
cpuid level	: 22
wp		: yes
flags		: fpu vme de pse tsc msr pae mce cx8 apic sep mtrr pge mca cmov pat pse36 clflush dts acpi mmx fxsr sse sse2 ss ht tm pbe syscall nx pdpe1gb rdtscp lm constant_tsc art arch_perfmon pebs bts rep_good nopl xtopology nonstop_tsc aperfmperf eagerfpu pni pclmulqdq dtes64 monitor ds_cpl vmx smx est tm2 ssse3 sdbg fma cx16 xtpr pdcm pcid sse4_1 sse4_2 x2apic movbe popcnt tsc_deadline_timer aes xsave avx f16c rdrand lahf_lm abm 3dnowprefetch epb intel_pt tpr_shadow vnmi flexpriority ept vpid fsgsbase tsc_adjust bmi1 hle avx2 smep bmi2 erms invpcid rtm mpx rdseed adx smap clflushopt xsaveopt xsavec xgetbv1 xsaves dtherm ida arat pln pts hwp hwp_notify hwp_act_window hwp_epp
bugs		:
bogomips	: 6816.00
clflush size	: 64
cache_alignment	: 64
address sizes	: 39 bits physical, 48 bits virtual
power management:

processor	: 4
vendor_id	: GenuineIntel
cpu family	: 6
model		: 94
model name	: Intel(R) Core(TM) i7-6700 CPU @ 3.40GHz
stepping	: 3
microcode	: 0x9e
cpu MHz		: 1332.067
cache size	: 8192 KB
physical id	: 0
siblings	: 8
core id		: 0
cpu cores	: 4
apicid		: 1
initial apicid	: 1
fpu		: yes
fpu_exception	: yes
cpuid level	: 22
wp		: yes
flags		: fpu vme de pse tsc msr pae mce cx8 apic sep mtrr pge mca cmov pat pse36 clflush dts acpi mmx fxsr sse sse2 ss ht tm pbe syscall nx pdpe1gb rdtscp lm constant_tsc art arch_perfmon pebs bts rep_good nopl xtopology nonstop_tsc aperfmperf eagerfpu pni pclmulqdq dtes64 monitor ds_cpl vmx smx est tm2 ssse3 sdbg fma cx16 xtpr pdcm pcid sse4_1 sse4_2 x2apic movbe popcnt tsc_deadline_timer aes xsave avx f16c rdrand lahf_lm abm 3dnowprefetch epb intel_pt tpr_shadow vnmi flexpriority ept vpid fsgsbase tsc_adjust bmi1 hle avx2 smep bmi2 erms invpcid rtm mpx rdseed adx smap clflushopt xsaveopt xsavec xgetbv1 xsaves dtherm ida arat pln pts hwp hwp_notify hwp_act_window hwp_epp
bugs		:
bogomips	: 6816.00
clflush size	: 64
cache_alignment	: 64
address sizes	: 39 bits physical, 48 bits virtual
power management:

processor	: 5
vendor_id	: GenuineIntel
cpu family	: 6
model		: 94
model name	: Intel(R) Core(TM) i7-6700 CPU @ 3.40GHz
stepping	: 3
microcode	: 0x9e
cpu MHz		: 3365.344
cache size	: 8192 KB
physical id	: 0
siblings	: 8
core id		: 1
cpu cores	: 4
apicid		: 3
initial apicid	: 3
fpu		: yes
fpu_exception	: yes
cpuid level	: 22
wp		: yes
flags		: fpu vme de pse tsc msr pae mce cx8 apic sep mtrr pge mca cmov pat pse36 clflush dts acpi mmx fxsr sse sse2 ss ht tm pbe syscall nx pdpe1gb rdtscp lm constant_tsc art arch_perfmon pebs bts rep_good nopl xtopology nonstop_tsc aperfmperf eagerfpu pni pclmulqdq dtes64 monitor ds_cpl vmx smx est tm2 ssse3 sdbg fma cx16 xtpr pdcm pcid sse4_1 sse4_2 x2apic movbe popcnt tsc_deadline_timer aes xsave avx f16c rdrand lahf_lm abm 3dnowprefetch epb intel_pt tpr_shadow vnmi flexpriority ept vpid fsgsbase tsc_adjust bmi1 hle avx2 smep bmi2 erms invpcid rtm mpx rdseed adx smap clflushopt xsaveopt xsavec xgetbv1 xsaves dtherm ida arat pln pts hwp hwp_notify hwp_act_window hwp_epp
bugs		:
bogomips	: 6816.00
clflush size	: 64
cache_alignment	: 64
address sizes	: 39 bits physical, 48 bits virtual
power management:

processor	: 6
vendor_id	: GenuineIntel
cpu family	: 6
model		: 94
model name	: Intel(R) Core(TM) i7-6700 CPU @ 3.40GHz
stepping	: 3
microcode	: 0x9e
cpu MHz		: 2935.363
cache size	: 8192 KB
physical id	: 0
siblings	: 8
core id		: 2
cpu cores	: 4
apicid		: 5
initial apicid	: 5
fpu		: yes
fpu_exception	: yes
cpuid level	: 22
wp		: yes
flags		: fpu vme de pse tsc msr pae mce cx8 apic sep mtrr pge mca cmov pat pse36 clflush dts acpi mmx fxsr sse sse2 ss ht tm pbe syscall nx pdpe1gb rdtscp lm constant_tsc art arch_perfmon pebs bts rep_good nopl xtopology nonstop_tsc aperfmperf eagerfpu pni pclmulqdq dtes64 monitor ds_cpl vmx smx est tm2 ssse3 sdbg fma cx16 xtpr pdcm pcid sse4_1 sse4_2 x2apic movbe popcnt tsc_deadline_timer aes xsave avx f16c rdrand lahf_lm abm 3dnowprefetch epb intel_pt tpr_shadow vnmi flexpriority ept vpid fsgsbase tsc_adjust bmi1 hle avx2 smep bmi2 erms invpcid rtm mpx rdseed adx smap clflushopt xsaveopt xsavec xgetbv1 xsaves dtherm ida arat pln pts hwp hwp_notify hwp_act_window hwp_epp
bugs		:
bogomips	: 6816.00
clflush size	: 64
cache_alignment	: 64
address sizes	: 39 bits physical, 48 bits virtual
power management:

processor	: 7
vendor_id	: GenuineIntel
cpu family	: 6
model		: 94
model name	: Intel(R) Core(TM) i7-6700 CPU @ 3.40GHz
stepping	: 3
microcode	: 0x9e
cpu MHz		: 2123.339
cache size	: 8192 KB
physical id	: 0
siblings	: 8
core id		: 3
cpu cores	: 4
apicid		: 7
initial apicid	: 7
fpu		: yes
fpu_exception	: yes
cpuid level	: 22
wp		: yes
flags		: fpu vme de pse tsc msr pae mce cx8 apic sep mtrr pge mca cmov pat pse36 clflush dts acpi mmx fxsr sse sse2 ss ht tm pbe syscall nx pdpe1gb rdtscp lm constant_tsc art arch_perfmon pebs bts rep_good nopl xtopology nonstop_tsc aperfmperf eagerfpu pni pclmulqdq dtes64 monitor ds_cpl vmx smx est tm2 ssse3 sdbg fma cx16 xtpr pdcm pcid sse4_1 sse4_2 x2apic movbe popcnt tsc_deadline_timer aes xsave avx f16c rdrand lahf_lm abm 3dnowprefetch epb intel_pt tpr_shadow vnmi flexpriority ept vpid fsgsbase tsc_adjust bmi1 hle avx2 smep bmi2 erms invpcid rtm mpx rdseed adx smap clflushopt xsaveopt xsavec xgetbv1 xsaves dtherm ida arat pln pts hwp hwp_notify hwp_act_window hwp_epp
bugs		:
bogomips	: 6816.00
clflush size	: 64
cache_alignment	: 64
address sizes	: 39 bits physical, 48 bits virtual
power management:



Memory: 4k page, physical 16293304k(6415152k free), swap 3999740k(343200k free)

vm_info: Java HotSpot(TM) 64-Bit Server VM (25.161-b12) for linux-amd64 JRE (1.8.0_161-b12), built on Dec 19 2017 16:12:43 by "java_re" with gcc 4.3.0 20080428 (Red Hat 4.3.0-8)

time: Thu Apr 19 19:49:44 2018
elapsed time: 0 seconds (0d 0h 0m 0s)

