#
# There is insufficient memory for the Java Runtime Environment to continue.
# Native memory allocation (mmap) failed to map 8589934592 bytes for committing reserved memory.
# Possible reasons:
#   The system is out of physical RAM or swap space
#   In 32 bit mode, the process size limit was hit
# Possible solutions:
#   Reduce memory load on the system
#   Increase physical memory or swap space
#   Check if swap backing store is full
#   Use 64 bit Java on a 64 bit OS
#   Decrease Java heap size (-Xmx/-Xms)
#   Decrease number of Java threads
#   Decrease Java thread stack sizes (-Xss)
#   Set larger code cache with -XX:ReservedCodeCacheSize=
# This output file may be truncated or incomplete.
#
#  Out of Memory Error (os_linux.cpp:2640), pid=20688, tid=0x00007f647da8b700
#
# JRE version:  (8.0_161-b12) (build )
# Java VM: Java HotSpot(TM) 64-Bit Server VM (25.161-b12 mixed mode linux-amd64 compressed oops)
# Failed to write core dump. Core dumps have been disabled. To enable core dumping, try "ulimit -c unlimited" before starting Java again
#

---------------  T H R E A D  ---------------

Current thread (0x00007f6474008800):  JavaThread "Unknown thread" [_thread_in_vm, id=20691, stack(0x00007f647d98b000,0x00007f647da8c000)]

Stack: [0x00007f647d98b000,0x00007f647da8c000],  sp=0x00007f647da8a3c0,  free space=1020k
Native frames: (J=compiled Java code, j=interpreted, Vv=VM code, C=native code)
V  [libjvm.so+0xacf94a]  VMError::report_and_die()+0x2ba
V  [libjvm.so+0x50050b]  report_vm_out_of_memory(char const*, int, unsigned long, VMErrorType, char const*)+0x8b
V  [libjvm.so+0x92b133]  os::Linux::commit_memory_impl(char*, unsigned long, bool)+0x103
V  [libjvm.so+0x92b5c9]  os::pd_commit_memory(char*, unsigned long, unsigned long, bool)+0x29
V  [libjvm.so+0x924c0a]  os::commit_memory(char*, unsigned long, unsigned long, bool)+0x2a
V  [libjvm.so+0x99ab53]  PSVirtualSpace::expand_by(unsigned long)+0x53
V  [libjvm.so+0x98ac67]  PSOldGen::initialize(ReservedSpace, unsigned long, char const*, int)+0xb7
V  [libjvm.so+0x2db30a]  AdjoiningGenerations::AdjoiningGenerations(ReservedSpace, GenerationSizer*, unsigned long)+0x39a
V  [libjvm.so+0x94ec56]  ParallelScavengeHeap::initialize()+0x1d6
V  [libjvm.so+0xa979f3]  Universe::initialize_heap()+0xf3
V  [libjvm.so+0xa97f5e]  universe_init()+0x3e
V  [libjvm.so+0x641fb5]  init_globals()+0x65
V  [libjvm.so+0xa7c5ae]  Threads::create_vm(JavaVMInitArgs*, bool*)+0x23e
V  [libjvm.so+0x6d6c24]  JNI_CreateJavaVM+0x74
C  [libjli.so+0x797e]  JavaMain+0x9e
C  [libpthread.so.0+0x76ba]  start_thread+0xca


---------------  P R O C E S S  ---------------

Java Threads: ( => current thread )

Other Threads:

=>0x00007f6474008800 (exited) JavaThread "Unknown thread" [_thread_in_vm, id=20691, stack(0x00007f647d98b000,0x00007f647da8c000)]

VM state:not at safepoint (not fully initialized)

VM Mutex/Monitor currently owned by a thread: None

GC Heap History (0 events):
No events

Deoptimization events (0 events):
No events

Classes redefined (0 events):
No events

Internal exceptions (0 events):
No events

Events (0 events):
No events


Dynamic libraries:
00400000-00401000 r-xp 00000000 08:04 1053497                            /opt/eclipse/jre/bin/java
00600000-00601000 rw-p 00000000 08:04 1053497                            /opt/eclipse/jre/bin/java
00dbd000-00dde000 rw-p 00000000 00:00 0                                  [heap]
681800000-6ab300000 ---p 00000000 00:00 0 
6ab300000-7ab300000 rw-p 00000000 00:00 0 
7ab300000-7c0000000 ---p 00000000 00:00 0 
7f6465000000-7f6465270000 rwxp 00000000 00:00 0 
7f6465270000-7f6474000000 ---p 00000000 00:00 0 
7f6474000000-7f6474033000 rw-p 00000000 00:00 0 
7f6474033000-7f6478000000 ---p 00000000 00:00 0 
7f64792e7000-7f647956f000 rw-p 00000000 00:00 0 
7f647956f000-7f647a6bc000 ---p 00000000 00:00 0 
7f647a6bc000-7f647aebd000 rw-p 00000000 00:00 0 
7f647aebd000-7f647af63000 ---p 00000000 00:00 0 
7f647af63000-7f647af6e000 rw-p 00000000 00:00 0 
7f647af6e000-7f647b324000 ---p 00000000 00:00 0 
7f647b324000-7f647b33f000 r-xp 00000000 08:04 1577333                    /opt/eclipse/jre/lib/amd64/libzip.so
7f647b33f000-7f647b53f000 ---p 0001b000 08:04 1577333                    /opt/eclipse/jre/lib/amd64/libzip.so
7f647b53f000-7f647b540000 rw-p 0001b000 08:04 1577333                    /opt/eclipse/jre/lib/amd64/libzip.so
7f647b540000-7f647b56b000 r-xp 00000000 08:04 1577327                    /opt/eclipse/jre/lib/amd64/libjava.so
7f647b56b000-7f647b76a000 ---p 0002b000 08:04 1577327                    /opt/eclipse/jre/lib/amd64/libjava.so
7f647b76a000-7f647b76c000 rw-p 0002a000 08:04 1577327                    /opt/eclipse/jre/lib/amd64/libjava.so
7f647b76c000-7f647b779000 r-xp 00000000 08:04 1577332                    /opt/eclipse/jre/lib/amd64/libverify.so
7f647b779000-7f647b979000 ---p 0000d000 08:04 1577332                    /opt/eclipse/jre/lib/amd64/libverify.so
7f647b979000-7f647b97b000 rw-p 0000d000 08:04 1577332                    /opt/eclipse/jre/lib/amd64/libverify.so
7f647b97b000-7f647b982000 r-xp 00000000 08:04 2097363                    /lib/x86_64-linux-gnu/librt-2.23.so
7f647b982000-7f647bb81000 ---p 00007000 08:04 2097363                    /lib/x86_64-linux-gnu/librt-2.23.so
7f647bb81000-7f647bb82000 r--p 00006000 08:04 2097363                    /lib/x86_64-linux-gnu/librt-2.23.so
7f647bb82000-7f647bb83000 rw-p 00007000 08:04 2097363                    /lib/x86_64-linux-gnu/librt-2.23.so
7f647bb83000-7f647bc8b000 r-xp 00000000 08:04 2097167                    /lib/x86_64-linux-gnu/libm-2.23.so
7f647bc8b000-7f647be8a000 ---p 00108000 08:04 2097167                    /lib/x86_64-linux-gnu/libm-2.23.so
7f647be8a000-7f647be8b000 r--p 00107000 08:04 2097167                    /lib/x86_64-linux-gnu/libm-2.23.so
7f647be8b000-7f647be8c000 rw-p 00108000 08:04 2097167                    /lib/x86_64-linux-gnu/libm-2.23.so
7f647be8c000-7f647cb65000 r-xp 00000000 08:04 1577312                    /opt/eclipse/jre/lib/amd64/server/libjvm.so
7f647cb65000-7f647cd64000 ---p 00cd9000 08:04 1577312                    /opt/eclipse/jre/lib/amd64/server/libjvm.so
7f647cd64000-7f647ce3d000 rw-p 00cd8000 08:04 1577312                    /opt/eclipse/jre/lib/amd64/server/libjvm.so
7f647ce3d000-7f647ce89000 rw-p 00000000 00:00 0 
7f647ce89000-7f647d049000 r-xp 00000000 08:04 2097345                    /lib/x86_64-linux-gnu/libc-2.23.so
7f647d049000-7f647d249000 ---p 001c0000 08:04 2097345                    /lib/x86_64-linux-gnu/libc-2.23.so
7f647d249000-7f647d24d000 r--p 001c0000 08:04 2097345                    /lib/x86_64-linux-gnu/libc-2.23.so
7f647d24d000-7f647d24f000 rw-p 001c4000 08:04 2097345                    /lib/x86_64-linux-gnu/libc-2.23.so
7f647d24f000-7f647d253000 rw-p 00000000 00:00 0 
7f647d253000-7f647d256000 r-xp 00000000 08:04 2097347                    /lib/x86_64-linux-gnu/libdl-2.23.so
7f647d256000-7f647d455000 ---p 00003000 08:04 2097347                    /lib/x86_64-linux-gnu/libdl-2.23.so
7f647d455000-7f647d456000 r--p 00002000 08:04 2097347                    /lib/x86_64-linux-gnu/libdl-2.23.so
7f647d456000-7f647d457000 rw-p 00003000 08:04 2097347                    /lib/x86_64-linux-gnu/libdl-2.23.so
7f647d457000-7f647d46d000 r-xp 00000000 08:04 1577307                    /opt/eclipse/jre/lib/amd64/jli/libjli.so
7f647d46d000-7f647d66c000 ---p 00016000 08:04 1577307                    /opt/eclipse/jre/lib/amd64/jli/libjli.so
7f647d66c000-7f647d66d000 rw-p 00015000 08:04 1577307                    /opt/eclipse/jre/lib/amd64/jli/libjli.so
7f647d66d000-7f647d685000 r-xp 00000000 08:04 2097344                    /lib/x86_64-linux-gnu/libpthread-2.23.so
7f647d685000-7f647d884000 ---p 00018000 08:04 2097344                    /lib/x86_64-linux-gnu/libpthread-2.23.so
7f647d884000-7f647d885000 r--p 00017000 08:04 2097344                    /lib/x86_64-linux-gnu/libpthread-2.23.so
7f647d885000-7f647d886000 rw-p 00018000 08:04 2097344                    /lib/x86_64-linux-gnu/libpthread-2.23.so
7f647d886000-7f647d88a000 rw-p 00000000 00:00 0 
7f647d88a000-7f647d8b0000 r-xp 00000000 08:04 2097343                    /lib/x86_64-linux-gnu/ld-2.23.so
7f647d956000-7f647d98b000 r--s 00000000 08:04 18613502                   /var/cache/nscd/passwd
7f647d98b000-7f647d98e000 ---p 00000000 00:00 0 
7f647d98e000-7f647da91000 rw-p 00000000 00:00 0 
7f647daa5000-7f647daad000 rw-s 00000000 08:04 16908570                   /tmp/hsperfdata_c00300901/20688
7f647daad000-7f647daae000 rw-p 00000000 00:00 0 
7f647daae000-7f647daaf000 r--p 00000000 00:00 0 
7f647daaf000-7f647dab0000 r--p 00025000 08:04 2097343                    /lib/x86_64-linux-gnu/ld-2.23.so
7f647dab0000-7f647dab1000 rw-p 00026000 08:04 2097343                    /lib/x86_64-linux-gnu/ld-2.23.so
7f647dab1000-7f647dab2000 rw-p 00000000 00:00 0 
7fff229bf000-7fff229e0000 rw-p 00000000 00:00 0                          [stack]
7fff229ec000-7fff229ee000 r--p 00000000 00:00 0                          [vvar]
7fff229ee000-7fff229f0000 r-xp 00000000 00:00 0                          [vdso]
ffffffffff600000-ffffffffff601000 r-xp 00000000 00:00 0                  [vsyscall]

VM Arguments:
jvm_args: -Xms12288M -Xmx13288M -Dfile.encoding=UTF-8 
java_command: encryptedsearchserver.main.EncryptedSearchServer
java_class_path (initial): /opt/eclipse/jre/lib/resources.jar:/opt/eclipse/jre/lib/rt.jar:/opt/eclipse/jre/lib/jsse.jar:/opt/eclipse/jre/lib/jce.jar:/opt/eclipse/jre/lib/charsets.jar:/opt/eclipse/jre/lib/jfr.jar:/opt/eclipse/jre/lib/ext/nashorn.jar:/opt/eclipse/jre/lib/ext/sunjce_provider.jar:/opt/eclipse/jre/lib/ext/localedata.jar:/opt/eclipse/jre/lib/ext/sunec.jar:/opt/eclipse/jre/lib/ext/jfxrt.jar:/opt/eclipse/jre/lib/ext/dnsns.jar:/opt/eclipse/jre/lib/ext/cldrdata.jar:/opt/eclipse/jre/lib/ext/zipfs.jar:/opt/eclipse/jre/lib/ext/jaccess.jar:/opt/eclipse/jre/lib/ext/sunpkcs11.jar:/home/c00300901/eclipse-workspace/S3BD-JasonThesis/EncryptedSearchServer/build/classes:/home/c00300901/eclipse-workspace/S3BD-JasonThesis/EncryptedSearchServer/dist/EncryptedSearchServer.jar:/home/c00300901/Downloads/Jama-1.0.3.jar:/home/c00300901/eclipse-workspace/S3BD-JasonThesis/commons-codec-1.10.jar:/home/c00300901/eclipse-workspace/S3BD-JasonThesis/common-lang3.jar
Launcher Type: SUN_STANDARD

Environment Variables:
PATH=/home/c00300901/bin:/home/c00300901/.local/bin:/usr/local/sbin:/usr/local/bin:/usr/sbin:/usr/bin:/sbin:/bin:/usr/games:/usr/local/games
SHELL=/bin/bash
DISPLAY=:0

Signal Handlers:
SIGSEGV: [libjvm.so+0xad01e0], sa_mask[0]=11111111011111111101111111111110, sa_flags=SA_RESTART|SA_SIGINFO
SIGBUS: [libjvm.so+0xad01e0], sa_mask[0]=11111111011111111101111111111110, sa_flags=SA_RESTART|SA_SIGINFO
SIGFPE: [libjvm.so+0x927fb0], sa_mask[0]=11111111011111111101111111111110, sa_flags=SA_RESTART|SA_SIGINFO
SIGPIPE: [libjvm.so+0x927fb0], sa_mask[0]=11111111011111111101111111111110, sa_flags=SA_RESTART|SA_SIGINFO
SIGXFSZ: [libjvm.so+0x927fb0], sa_mask[0]=11111111011111111101111111111110, sa_flags=SA_RESTART|SA_SIGINFO
SIGILL: [libjvm.so+0x927fb0], sa_mask[0]=11111111011111111101111111111110, sa_flags=SA_RESTART|SA_SIGINFO
SIGUSR1: SIG_DFL, sa_mask[0]=00000000000000000000000000000000, sa_flags=none
SIGUSR2: [libjvm.so+0x9297f0], sa_mask[0]=00100000000000000000000000000000, sa_flags=SA_RESTART|SA_SIGINFO
SIGHUP: SIG_DFL, sa_mask[0]=00000000000000000000000000000000, sa_flags=none
SIGINT: SIG_DFL, sa_mask[0]=00000000000000000000000000000000, sa_flags=none
SIGTERM: SIG_DFL, sa_mask[0]=00000000000000000000000000000000, sa_flags=none
SIGQUIT: SIG_DFL, sa_mask[0]=00000000000000000000000000000000, sa_flags=none


---------------  S Y S T E M  ---------------

OS:DISTRIB_ID=LinuxMint
DISTRIB_RELEASE=18.2
DISTRIB_CODENAME=sonya
DISTRIB_DESCRIPTION="Linux Mint 18.2 Sonya"

uname:Linux 4.8.0-53-generic #56~16.04.1-Ubuntu SMP Tue May 16 01:18:56 UTC 2017 x86_64
libc:glibc 2.23 NPTL 2.23 
rlimit: STACK 8192k, CORE 0k, NPROC 63468, NOFILE 1048576, AS infinity
load average:1.74 4.12 3.58

/proc/meminfo:
MemTotal:       16293304 kB
MemFree:         6396708 kB
MemAvailable:    6578724 kB
Buffers:           25856 kB
Cached:          1460724 kB
SwapCached:        26696 kB
Active:          8610824 kB
Inactive:         799580 kB
Active(anon):    8519292 kB
Inactive(anon):   490632 kB
Active(file):      91532 kB
Inactive(file):   308948 kB
Unevictable:         620 kB
Mlocked:             620 kB
SwapTotal:       3999740 kB
SwapFree:         343412 kB
Dirty:               476 kB
Writeback:             0 kB
AnonPages:       7894892 kB
Mapped:           309880 kB
Shmem:           1086104 kB
Slab:             152160 kB
SReclaimable:      68224 kB
SUnreclaim:        83936 kB
KernelStack:       32320 kB
PageTables:       156596 kB
NFS_Unstable:          0 kB
Bounce:                0 kB
WritebackTmp:          0 kB
CommitLimit:    12146392 kB
Committed_AS:   36948764 kB
VmallocTotal:   34359738367 kB
VmallocUsed:           0 kB
VmallocChunk:          0 kB
HardwareCorrupted:     0 kB
AnonHugePages:   2570240 kB
ShmemHugePages:        0 kB
ShmemPmdMapped:        0 kB
CmaTotal:              0 kB
CmaFree:               0 kB
HugePages_Total:       0
HugePages_Free:        0
HugePages_Rsvd:        0
HugePages_Surp:        0
Hugepagesize:       2048 kB
DirectMap4k:      672732 kB
DirectMap2M:    15966208 kB
DirectMap1G:           0 kB


CPU:total 8 (initial active 8) (4 cores per cpu, 2 threads per core) family 6 model 94 stepping 3, cmov, cx8, fxsr, mmx, sse, sse2, sse3, ssse3, sse4.1, sse4.2, popcnt, avx, avx2, aes, clmul, erms, rtm, 3dnowpref, lzcnt, ht, tsc, tscinvbit, bmi1, bmi2, adx

/proc/cpuinfo:
processor	: 0
vendor_id	: GenuineIntel
cpu family	: 6
model		: 94
model name	: Intel(R) Core(TM) i7-6700 CPU @ 3.40GHz
stepping	: 3
microcode	: 0x9e
cpu MHz		: 1568.017
cache size	: 8192 KB
physical id	: 0
siblings	: 8
core id		: 0
cpu cores	: 4
apicid		: 0
initial apicid	: 0
fpu		: yes
fpu_exception	: yes
cpuid level	: 22
wp		: yes
flags		: fpu vme de pse tsc msr pae mce cx8 apic sep mtrr pge mca cmov pat pse36 clflush dts acpi mmx fxsr sse sse2 ss ht tm pbe syscall nx pdpe1gb rdtscp lm constant_tsc art arch_perfmon pebs bts rep_good nopl xtopology nonstop_tsc aperfmperf eagerfpu pni pclmulqdq dtes64 monitor ds_cpl vmx smx est tm2 ssse3 sdbg fma cx16 xtpr pdcm pcid sse4_1 sse4_2 x2apic movbe popcnt tsc_deadline_timer aes xsave avx f16c rdrand lahf_lm abm 3dnowprefetch epb intel_pt tpr_shadow vnmi flexpriority ept vpid fsgsbase tsc_adjust bmi1 hle avx2 smep bmi2 erms invpcid rtm mpx rdseed adx smap clflushopt xsaveopt xsavec xgetbv1 xsaves dtherm ida arat pln pts hwp hwp_notify hwp_act_window hwp_epp
bugs		:
bogomips	: 6816.00
clflush size	: 64
cache_alignment	: 64
address sizes	: 39 bits physical, 48 bits virtual
power management:

processor	: 1
vendor_id	: GenuineIntel
cpu family	: 6
model		: 94
model name	: Intel(R) Core(TM) i7-6700 CPU @ 3.40GHz
stepping	: 3
microcode	: 0x9e
cpu MHz		: 799.987
cache size	: 8192 KB
physical id	: 0
siblings	: 8
core id		: 1
cpu cores	: 4
apicid		: 2
initial apicid	: 2
fpu		: yes
fpu_exception	: yes
cpuid level	: 22
wp		: yes
flags		: fpu vme de pse tsc msr pae mce cx8 apic sep mtrr pge mca cmov pat pse36 clflush dts acpi mmx fxsr sse sse2 ss ht tm pbe syscall nx pdpe1gb rdtscp lm constant_tsc art arch_perfmon pebs bts rep_good nopl xtopology nonstop_tsc aperfmperf eagerfpu pni pclmulqdq dtes64 monitor ds_cpl vmx smx est tm2 ssse3 sdbg fma cx16 xtpr pdcm pcid sse4_1 sse4_2 x2apic movbe popcnt tsc_deadline_timer aes xsave avx f16c rdrand lahf_lm abm 3dnowprefetch epb intel_pt tpr_shadow vnmi flexpriority ept vpid fsgsbase tsc_adjust bmi1 hle avx2 smep bmi2 erms invpcid rtm mpx rdseed adx smap clflushopt xsaveopt xsavec xgetbv1 xsaves dtherm ida arat pln pts hwp hwp_notify hwp_act_window hwp_epp
bugs		:
bogomips	: 6816.00
clflush size	: 64
cache_alignment	: 64
address sizes	: 39 bits physical, 48 bits virtual
power management:

processor	: 2
vendor_id	: GenuineIntel
cpu family	: 6
model		: 94
model name	: Intel(R) Core(TM) i7-6700 CPU @ 3.40GHz
stepping	: 3
microcode	: 0x9e
cpu MHz		: 2105.078
cache size	: 8192 KB
physical id	: 0
siblings	: 8
core id		: 2
cpu cores	: 4
apicid		: 4
initial apicid	: 4
fpu		: yes
fpu_exception	: yes
cpuid level	: 22
wp		: yes
flags		: fpu vme de pse tsc msr pae mce cx8 apic sep mtrr pge mca cmov pat pse36 clflush dts acpi mmx fxsr sse sse2 ss ht tm pbe syscall nx pdpe1gb rdtscp lm constant_tsc art arch_perfmon pebs bts rep_good nopl xtopology nonstop_tsc aperfmperf eagerfpu pni pclmulqdq dtes64 monitor ds_cpl vmx smx est tm2 ssse3 sdbg fma cx16 xtpr pdcm pcid sse4_1 sse4_2 x2apic movbe popcnt tsc_deadline_timer aes xsave avx f16c rdrand lahf_lm abm 3dnowprefetch epb intel_pt tpr_shadow vnmi flexpriority ept vpid fsgsbase tsc_adjust bmi1 hle avx2 smep bmi2 erms invpcid rtm mpx rdseed adx smap clflushopt xsaveopt xsavec xgetbv1 xsaves dtherm ida arat pln pts hwp hwp_notify hwp_act_window hwp_epp
bugs		:
bogomips	: 6816.00
clflush size	: 64
cache_alignment	: 64
address sizes	: 39 bits physical, 48 bits virtual
power management:

processor	: 3
vendor_id	: GenuineIntel
cpu family	: 6
model		: 94
model name	: Intel(R) Core(TM) i7-6700 CPU @ 3.40GHz
stepping	: 3
microcode	: 0x9e
cpu MHz		: 882.373
cache size	: 8192 KB
physical id	: 0
siblings	: 8
core id		: 3
cpu cores	: 4
apicid		: 6
initial apicid	: 6
fpu		: yes
fpu_exception	: yes
cpuid level	: 22
wp		: yes
flags		: fpu vme de pse tsc msr pae mce cx8 apic sep mtrr pge mca cmov pat pse36 clflush dts acpi mmx fxsr sse sse2 ss ht tm pbe syscall nx pdpe1gb rdtscp lm constant_tsc art arch_perfmon pebs bts rep_good nopl xtopology nonstop_tsc aperfmperf eagerfpu pni pclmulqdq dtes64 monitor ds_cpl vmx smx est tm2 ssse3 sdbg fma cx16 xtpr pdcm pcid sse4_1 sse4_2 x2apic movbe popcnt tsc_deadline_timer aes xsave avx f16c rdrand lahf_lm abm 3dnowprefetch epb intel_pt tpr_shadow vnmi flexpriority ept vpid fsgsbase tsc_adjust bmi1 hle avx2 smep bmi2 erms invpcid rtm mpx rdseed adx smap clflushopt xsaveopt xsavec xgetbv1 xsaves dtherm ida arat pln pts hwp hwp_notify hwp_act_window hwp_epp
bugs		:
bogomips	: 6816.00
clflush size	: 64
cache_alignment	: 64
address sizes	: 39 bits physical, 48 bits virtual
power management:

processor	: 4
vendor_id	: GenuineIntel
cpu family	: 6
model		: 94
model name	: Intel(R) Core(TM) i7-6700 CPU @ 3.40GHz
stepping	: 3
microcode	: 0x9e
cpu MHz		: 1331.237
cache size	: 8192 KB
physical id	: 0
siblings	: 8
core id		: 0
cpu cores	: 4
apicid		: 1
initial apicid	: 1
fpu		: yes
fpu_exception	: yes
cpuid level	: 22
wp		: yes
flags		: fpu vme de pse tsc msr pae mce cx8 apic sep mtrr pge mca cmov pat pse36 clflush dts acpi mmx fxsr sse sse2 ss ht tm pbe syscall nx pdpe1gb rdtscp lm constant_tsc art arch_perfmon pebs bts rep_good nopl xtopology nonstop_tsc aperfmperf eagerfpu pni pclmulqdq dtes64 monitor ds_cpl vmx smx est tm2 ssse3 sdbg fma cx16 xtpr pdcm pcid sse4_1 sse4_2 x2apic movbe popcnt tsc_deadline_timer aes xsave avx f16c rdrand lahf_lm abm 3dnowprefetch epb intel_pt tpr_shadow vnmi flexpriority ept vpid fsgsbase tsc_adjust bmi1 hle avx2 smep bmi2 erms invpcid rtm mpx rdseed adx smap clflushopt xsaveopt xsavec xgetbv1 xsaves dtherm ida arat pln pts hwp hwp_notify hwp_act_window hwp_epp
bugs		:
bogomips	: 6816.00
clflush size	: 64
cache_alignment	: 64
address sizes	: 39 bits physical, 48 bits virtual
power management:

processor	: 5
vendor_id	: GenuineIntel
cpu family	: 6
model		: 94
model name	: Intel(R) Core(TM) i7-6700 CPU @ 3.40GHz
stepping	: 3
microcode	: 0x9e
cpu MHz		: 1217.309
cache size	: 8192 KB
physical id	: 0
siblings	: 8
core id		: 1
cpu cores	: 4
apicid		: 3
initial apicid	: 3
fpu		: yes
fpu_exception	: yes
cpuid level	: 22
wp		: yes
flags		: fpu vme de pse tsc msr pae mce cx8 apic sep mtrr pge mca cmov pat pse36 clflush dts acpi mmx fxsr sse sse2 ss ht tm pbe syscall nx pdpe1gb rdtscp lm constant_tsc art arch_perfmon pebs bts rep_good nopl xtopology nonstop_tsc aperfmperf eagerfpu pni pclmulqdq dtes64 monitor ds_cpl vmx smx est tm2 ssse3 sdbg fma cx16 xtpr pdcm pcid sse4_1 sse4_2 x2apic movbe popcnt tsc_deadline_timer aes xsave avx f16c rdrand lahf_lm abm 3dnowprefetch epb intel_pt tpr_shadow vnmi flexpriority ept vpid fsgsbase tsc_adjust bmi1 hle avx2 smep bmi2 erms invpcid rtm mpx rdseed adx smap clflushopt xsaveopt xsavec xgetbv1 xsaves dtherm ida arat pln pts hwp hwp_notify hwp_act_window hwp_epp
bugs		:
bogomips	: 6816.00
clflush size	: 64
cache_alignment	: 64
address sizes	: 39 bits physical, 48 bits virtual
power management:

processor	: 6
vendor_id	: GenuineIntel
cpu family	: 6
model		: 94
model name	: Intel(R) Core(TM) i7-6700 CPU @ 3.40GHz
stepping	: 3
microcode	: 0x9e
cpu MHz		: 836.926
cache size	: 8192 KB
physical id	: 0
siblings	: 8
core id		: 2
cpu cores	: 4
apicid		: 5
initial apicid	: 5
fpu		: yes
fpu_exception	: yes
cpuid level	: 22
wp		: yes
flags		: fpu vme de pse tsc msr pae mce cx8 apic sep mtrr pge mca cmov pat pse36 clflush dts acpi mmx fxsr sse sse2 ss ht tm pbe syscall nx pdpe1gb rdtscp lm constant_tsc art arch_perfmon pebs bts rep_good nopl xtopology nonstop_tsc aperfmperf eagerfpu pni pclmulqdq dtes64 monitor ds_cpl vmx smx est tm2 ssse3 sdbg fma cx16 xtpr pdcm pcid sse4_1 sse4_2 x2apic movbe popcnt tsc_deadline_timer aes xsave avx f16c rdrand lahf_lm abm 3dnowprefetch epb intel_pt tpr_shadow vnmi flexpriority ept vpid fsgsbase tsc_adjust bmi1 hle avx2 smep bmi2 erms invpcid rtm mpx rdseed adx smap clflushopt xsaveopt xsavec xgetbv1 xsaves dtherm ida arat pln pts hwp hwp_notify hwp_act_window hwp_epp
bugs		:
bogomips	: 6816.00
clflush size	: 64
cache_alignment	: 64
address sizes	: 39 bits physical, 48 bits virtual
power management:

processor	: 7
vendor_id	: GenuineIntel
cpu family	: 6
model		: 94
model name	: Intel(R) Core(TM) i7-6700 CPU @ 3.40GHz
stepping	: 3
microcode	: 0x9e
cpu MHz		: 1396.398
cache size	: 8192 KB
physical id	: 0
siblings	: 8
core id		: 3
cpu cores	: 4
apicid		: 7
initial apicid	: 7
fpu		: yes
fpu_exception	: yes
cpuid level	: 22
wp		: yes
flags		: fpu vme de pse tsc msr pae mce cx8 apic sep mtrr pge mca cmov pat pse36 clflush dts acpi mmx fxsr sse sse2 ss ht tm pbe syscall nx pdpe1gb rdtscp lm constant_tsc art arch_perfmon pebs bts rep_good nopl xtopology nonstop_tsc aperfmperf eagerfpu pni pclmulqdq dtes64 monitor ds_cpl vmx smx est tm2 ssse3 sdbg fma cx16 xtpr pdcm pcid sse4_1 sse4_2 x2apic movbe popcnt tsc_deadline_timer aes xsave avx f16c rdrand lahf_lm abm 3dnowprefetch epb intel_pt tpr_shadow vnmi flexpriority ept vpid fsgsbase tsc_adjust bmi1 hle avx2 smep bmi2 erms invpcid rtm mpx rdseed adx smap clflushopt xsaveopt xsavec xgetbv1 xsaves dtherm ida arat pln pts hwp hwp_notify hwp_act_window hwp_epp
bugs		:
bogomips	: 6816.00
clflush size	: 64
cache_alignment	: 64
address sizes	: 39 bits physical, 48 bits virtual
power management:



Memory: 4k page, physical 16293304k(6396708k free), swap 3999740k(343412k free)

vm_info: Java HotSpot(TM) 64-Bit Server VM (25.161-b12) for linux-amd64 JRE (1.8.0_161-b12), built on Dec 19 2017 16:12:43 by "java_re" with gcc 4.3.0 20080428 (Red Hat 4.3.0-8)

time: Thu Apr 19 19:49:52 2018
elapsed time: 0 seconds (0d 0h 0m 0s)

